0001_0050_0010_0034_0034.jpg 1 50 10 34 34
0002_0026_0022_0061_0061.jpg 1 26 22 61 61
0003_0014_0042_0046_0046.jpg 1 14 42 46 46
0004_0020_0015_0052_0052.jpg 1 20 15 52 52
0005_0039_0044_0042_0042.jpg 1 39 44 42 42
0006_0061_0030_0029_0029.jpg 1 61 30 29 29
0007_0019_0026_0033_0033.jpg 1 19 26 33 33
0008_0052_0021_0024_0024.jpg 1 52 21 24 24
0009_0056_0057_0028_0028.jpg 1 56 57 28 28
0010_0024_0018_0049_0049.jpg 1 24 18 49 49
0011_0040_0026_0053_0053.jpg 1 40 26 53 53
0012_0027_0047_0027_0027.jpg 1 27 47 27 27
0013_0038_0026_0056_0056.jpg 1 38 26 56 56
0014_0040_0027_0050_0050.jpg 1 40 27 50 50
0015_0006_0031_0063_0063.jpg 1 6 31 63 63
0016_0030_0017_0030_0030.jpg 1 30 17 30 30
0017_0023_0035_0029_0029.jpg 1 23 35 29 29
0018_0034_0055_0035_0035.jpg 1 34 55 35 35
0019_0021_0051_0034_0034.jpg 1 21 51 34 34
0020_0043_0036_0033_0033.jpg 1 43 36 33 33
0021_0031_0022_0026_0026.jpg 1 31 22 26 26
0022_0029_0035_0060_0060.jpg 1 29 35 60 60
0023_0027_0021_0059_0059.jpg 1 27 21 59 59
0024_0022_0036_0045_0045.jpg 1 22 36 45 45
0025_0018_0043_0051_0051.jpg 1 18 43 51 51
0026_0011_0038_0057_0057.jpg 1 11 38 57 57
0027_0028_0013_0040_0040.jpg 1 28 13 40 40
0028_0009_0023_0064_0064.jpg 1 9 23 64 64
0029_0043_0028_0041_0041.jpg 1 43 28 41 41
0030_0010_0031_0040_0040.jpg 1 10 31 40 40
0031_0038_0027_0031_0031.jpg 1 38 27 31 31
0032_0009_0016_0054_0054.jpg 1 9 16 54 54
0033_0012_0006_0040_0040.jpg 1 12 6 40 40
0034_0042_0049_0034_0034.jpg 1 42 49 34 34
0035_0014_0027_0069_0069.jpg 1 14 27 69 69
0036_0029_0045_0031_0031.jpg 1 29 45 31 31
0037_0026_0035_0054_0054.jpg 1 26 35 54 54
0038_0021_0021_0047_0047.jpg 1 21 21 47 47
0039_0023_0033_0047_0047.jpg 1 23 33 47 47
0040_0024_0015_0057_0057.jpg 1 24 15 57 57
0041_0031_0045_0038_0038.jpg 1 31 45 38 38
0042_0046_0052_0026_0026.jpg 1 46 52 26 26
0043_0011_0034_0038_0038.jpg 1 11 34 38 38
0044_0019_0046_0036_0036.jpg 1 19 46 36 36
0045_0027_0023_0068_0068.jpg 1 27 23 68 68
0046_0020_0008_0059_0059.jpg 1 20 8 59 59
0047_0039_0023_0035_0035.jpg 1 39 23 35 35
0048_0015_0003_0067_0067.jpg 1 15 3 67 67
0049_0018_0007_0039_0039.jpg 1 18 7 39 39
0050_0041_0050_0039_0039.jpg 1 41 50 39 39
0051_0021_0012_0038_0038.jpg 1 21 12 38 38
0052_0024_0060_0029_0029.jpg 1 24 60 29 29
0053_0025_0031_0029_0029.jpg 1 25 31 29 29
0054_0013_0057_0028_0028.jpg 1 13 57 28 28
0055_0023_0055_0027_0027.jpg 1 23 55 27 27
0056_0022_0020_0062_0062.jpg 1 22 20 62 62
0057_0049_0036_0024_0024.jpg 1 49 36 24 24
0058_0032_0026_0061_0061.jpg 1 32 26 61 61
0059_0014_0004_0066_0066.jpg 1 14 4 66 66
0060_0038_0018_0037_0037.jpg 1 38 18 37 37
0061_0016_0027_0065_0065.jpg 1 16 27 65 65
0062_0039_0055_0033_0033.jpg 1 39 55 33 33
0063_0015_0050_0032_0032.jpg 1 15 50 32 32
0064_0018_0029_0058_0058.jpg 1 18 29 58 58
0065_0051_0044_0034_0034.jpg 1 51 44 34 34
0066_0043_0007_0032_0032.jpg 1 43 7 32 32
0067_0005_0005_0047_0047.jpg 1 5 5 47 47
0068_0027_0013_0048_0048.jpg 1 27 13 48 48
0069_0014_0033_0048_0048.jpg 1 14 33 48 48
0070_0035_0023_0047_0047.jpg 1 35 23 47 47
0071_0022_0025_0053_0053.jpg 1 22 25 53 53
0072_0013_0008_0053_0053.jpg 1 13 8 53 53
0073_0028_0013_0048_0048.jpg 1 28 13 48 48
0074_0010_0035_0042_0042.jpg 1 10 35 42 42
0075_0019_0046_0040_0040.jpg 1 19 46 40 40
0076_0011_0008_0036_0036.jpg 1 11 8 36 36
0077_0014_0017_0053_0053.jpg 1 14 17 53 53
0078_0023_0011_0051_0051.jpg 1 23 11 51 51
0079_0030_0033_0052_0052.jpg 1 30 33 52 52
0080_0009_0009_0053_0053.jpg 1 9 9 53 53
0081_0037_0011_0053_0053.jpg 1 37 11 53 53
0082_0045_0041_0039_0039.jpg 1 45 41 39 39
0083_0032_0031_0059_0059.jpg 1 32 31 59 59
0084_0016_0026_0035_0035.jpg 1 16 26 35 35
0085_0028_0026_0068_0068.jpg 1 28 26 68 68
0086_0032_0013_0061_0061.jpg 1 32 13 61 61
0087_0007_0020_0030_0030.jpg 1 7 20 30 30
0088_0047_0047_0029_0029.jpg 1 47 47 29 29
0089_0039_0011_0028_0028.jpg 1 39 11 28 28
0090_0013_0018_0027_0027.jpg 1 13 18 27 27
0091_0056_0013_0036_0036.jpg 1 56 13 36 36
0092_0023_0030_0058_0058.jpg 1 23 30 58 58
0093_0045_0029_0041_0041.jpg 1 45 29 41 41
0094_0031_0028_0059_0059.jpg 1 31 28 59 59
0095_0009_0046_0025_0025.jpg 1 9 46 25 25
0096_0026_0052_0029_0029.jpg 1 26 52 29 29
0097_0037_0017_0055_0055.jpg 1 37 17 55 55
0098_0056_0017_0031_0031.jpg 1 56 17 31 31
0099_0048_0007_0044_0044.jpg 1 48 7 44 44
0100_0023_0032_0063_0063.jpg 1 23 32 63 63
0101_0023_0027_0034_0034.jpg 1 23 27 34 34
0102_0036_0012_0035_0035.jpg 1 36 12 35 35
0103_0014_0034_0026_0026.jpg 1 14 34 26 26
0104_0012_0009_0035_0035.jpg 1 12 9 35 35
0105_0032_0041_0052_0052.jpg 1 32 41 52 52
0106_0005_0005_0059_0059.jpg 1 5 5 59 59
0107_0031_0040_0044_0044.jpg 1 31 40 44 44
0108_0034_0023_0060_0060.jpg 1 34 23 60 60
0109_0016_0004_0059_0059.jpg 1 16 4 59 59
0110_0035_0036_0059_0059.jpg 1 35 36 59 59
0111_0003_0009_0067_0067.jpg 1 3 9 67 67
0112_0054_0011_0033_0033.jpg 1 54 11 33 33
0113_0045_0021_0044_0044.jpg 1 45 21 44 44
0114_0009_0027_0062_0062.jpg 1 9 27 62 62
0115_0024_0008_0064_0064.jpg 1 24 8 64 64
0116_0046_0049_0036_0036.jpg 1 46 49 36 36
0117_0009_0014_0047_0047.jpg 1 9 14 47 47
0118_0050_0051_0033_0033.jpg 1 50 51 33 33
0119_0013_0012_0030_0030.jpg 1 13 12 30 30
0120_0030_0008_0027_0027.jpg 1 30 8 27 27
0121_0034_0023_0042_0042.jpg 1 34 23 42 42
0122_0030_0026_0040_0040.jpg 1 30 26 40 40
0123_0011_0025_0047_0047.jpg 1 11 25 47 47
0124_0038_0033_0036_0036.jpg 1 38 33 36 36
0125_0035_0023_0037_0037.jpg 1 35 23 37 37
0126_0045_0043_0038_0038.jpg 1 45 43 38 38
0127_0024_0013_0060_0060.jpg 1 24 13 60 60
0128_0021_0046_0043_0043.jpg 1 21 46 43 43
0129_0022_0005_0053_0053.jpg 1 22 5 53 53
0130_0041_0040_0036_0036.jpg 1 41 40 36 36
0131_0008_0034_0054_0054.jpg 1 8 34 54 54
0132_0023_0009_0056_0056.jpg 1 23 9 56 56
0133_0035_0013_0056_0056.jpg 1 35 13 56 56
0134_0034_0044_0043_0043.jpg 1 34 44 43 43
0135_0055_0047_0030_0030.jpg 1 55 47 30 30
0136_0013_0031_0048_0048.jpg 1 13 31 48 48
0137_0021_0033_0056_0056.jpg 1 21 33 56 56
0138_0018_0028_0062_0062.jpg 1 18 28 62 62
0139_0027_0028_0047_0047.jpg 1 27 28 47 47
0140_0047_0029_0025_0025.jpg 1 47 29 25 25
0141_0041_0024_0033_0033.jpg 1 41 24 33 33
0142_0024_0008_0066_0066.jpg 1 24 8 66 66
0143_0048_0034_0044_0044.jpg 1 48 34 44 44
0144_0020_0020_0064_0064.jpg 1 20 20 64 64
0145_0054_0027_0036_0036.jpg 1 54 27 36 36
0146_0034_0015_0052_0052.jpg 1 34 15 52 52
0147_0042_0028_0035_0035.jpg 1 42 28 35 35
0148_0017_0017_0059_0059.jpg 1 17 17 59 59
0149_0012_0012_0035_0035.jpg 1 12 12 35 35
0150_0056_0023_0026_0026.jpg 1 56 23 26 26
0151_0008_0051_0042_0042.jpg 1 8 51 42 42
0152_0033_0010_0052_0052.jpg 1 33 10 52 52
0153_0034_0016_0048_0048.jpg 1 34 16 48 48
0154_0008_0017_0040_0040.jpg 1 8 17 40 40
0155_0028_0034_0033_0033.jpg 1 28 34 33 33
0156_0045_0021_0044_0044.jpg 1 45 21 44 44
0157_0024_0045_0041_0041.jpg 1 24 45 41 41
0158_0033_0018_0049_0049.jpg 1 33 18 49 49
0159_0047_0052_0024_0024.jpg 1 47 52 24 24
0160_0009_0006_0068_0068.jpg 1 9 6 68 68
0161_0020_0047_0030_0030.jpg 1 20 47 30 30
0162_0008_0042_0040_0040.jpg 1 8 42 40 40
0163_0018_0032_0062_0062.jpg 1 18 32 62 62
0164_0029_0018_0048_0048.jpg 1 29 18 48 48
0165_0052_0061_0025_0025.jpg 1 52 61 25 25
0166_0060_0050_0029_0029.jpg 1 60 50 29 29
0167_0006_0022_0067_0067.jpg 1 6 22 67 67
0168_0012_0037_0030_0030.jpg 1 12 37 30 30
0169_0020_0009_0069_0069.jpg 1 20 9 69 69
0170_0017_0008_0067_0067.jpg 1 17 8 67 67
0171_0007_0014_0052_0052.jpg 1 7 14 52 52
0172_0005_0021_0061_0061.jpg 1 5 21 61 61
0173_0011_0026_0052_0052.jpg 1 11 26 52 52
0174_0015_0008_0026_0026.jpg 1 15 8 26 26
0175_0031_0011_0025_0025.jpg 1 31 11 25 25
0176_0015_0010_0038_0038.jpg 1 15 10 38 38
0177_0019_0007_0054_0054.jpg 1 19 7 54 54
0178_0020_0014_0069_0069.jpg 1 20 14 69 69
0179_0046_0039_0032_0032.jpg 1 46 39 32 32
0180_0010_0049_0024_0024.jpg 1 10 49 24 24
0181_0008_0019_0068_0068.jpg 1 8 19 68 68
0182_0007_0017_0046_0046.jpg 1 7 17 46 46
0183_0016_0049_0035_0035.jpg 1 16 49 35 35
0184_0018_0005_0066_0066.jpg 1 18 5 66 66
0185_0022_0042_0031_0031.jpg 1 22 42 31 31
0186_0031_0007_0051_0051.jpg 1 31 7 51 51
0187_0005_0013_0048_0048.jpg 1 5 13 48 48
0188_0014_0034_0056_0056.jpg 1 14 34 56 56
0189_0049_0047_0031_0031.jpg 1 49 47 31 31
0190_0025_0022_0033_0033.jpg 1 25 22 33 33
0191_0025_0027_0038_0038.jpg 1 25 27 38 38
0192_0030_0023_0061_0061.jpg 1 30 23 61 61
0193_0022_0032_0063_0063.jpg 1 22 32 63 63
0194_0029_0034_0030_0030.jpg 1 29 34 30 30
0195_0038_0053_0032_0032.jpg 1 38 53 32 32
0196_0023_0015_0047_0047.jpg 1 23 15 47 47
0197_0011_0026_0028_0028.jpg 1 11 26 28 28
0198_0041_0041_0049_0049.jpg 1 41 41 49 49
0199_0034_0036_0029_0029.jpg 1 34 36 29 29
0200_0026_0030_0058_0058.jpg 1 26 30 58 58
0201_0023_0048_0030_0030.jpg 1 23 48 30 30
0202_0026_0030_0030_0030.jpg 1 26 30 30 30
0203_0010_0025_0038_0038.jpg 1 10 25 38 38
0204_0018_0024_0057_0057.jpg 1 18 24 57 57
0205_0025_0022_0062_0062.jpg 1 25 22 62 62
0206_0048_0038_0046_0046.jpg 1 48 38 46 46
0207_0004_0005_0065_0065.jpg 1 4 5 65 65
0208_0007_0036_0037_0037.jpg 1 7 36 37 37
0209_0026_0016_0041_0041.jpg 1 26 16 41 41
0210_0029_0038_0026_0026.jpg 1 29 38 26 26
0211_0017_0033_0049_0049.jpg 1 17 33 49 49
0212_0052_0017_0031_0031.jpg 1 52 17 31 31
0213_0036_0010_0031_0031.jpg 1 36 10 31 31
0214_0023_0015_0030_0030.jpg 1 23 15 30 30
0215_0033_0032_0049_0049.jpg 1 33 32 49 49
0216_0006_0012_0069_0069.jpg 1 6 12 69 69
0217_0032_0014_0052_0052.jpg 1 32 14 52 52
0218_0020_0012_0036_0036.jpg 1 20 12 36 36
0219_0007_0020_0026_0026.jpg 1 7 20 26 26
0220_0033_0027_0060_0060.jpg 1 33 27 60 60
0221_0014_0016_0065_0065.jpg 1 14 16 65 65
0222_0022_0055_0031_0031.jpg 1 22 55 31 31
0223_0025_0016_0065_0065.jpg 1 25 16 65 65
0224_0015_0030_0060_0060.jpg 1 15 30 60 60
0225_0008_0020_0068_0068.jpg 1 8 20 68 68
0226_0038_0034_0027_0027.jpg 1 38 34 27 27
0227_0020_0009_0054_0054.jpg 1 20 9 54 54
0228_0015_0009_0036_0036.jpg 1 15 9 36 36
0229_0031_0012_0063_0063.jpg 1 31 12 63 63
0230_0029_0011_0061_0061.jpg 1 29 11 61 61
0231_0032_0039_0049_0049.jpg 1 32 39 49 49
0232_0045_0016_0027_0027.jpg 1 45 16 27 27
0233_0040_0043_0024_0024.jpg 1 40 43 24 24
0234_0018_0020_0043_0043.jpg 1 18 20 43 43
0235_0015_0011_0028_0028.jpg 1 15 11 28 28
0236_0023_0014_0031_0031.jpg 1 23 14 31 31
0237_0012_0031_0031_0031.jpg 1 12 31 31 31
0238_0033_0031_0053_0053.jpg 1 33 31 53 53
0239_0044_0052_0041_0041.jpg 1 44 52 41 41
0240_0009_0016_0052_0052.jpg 1 9 16 52 52
0241_0026_0009_0069_0069.jpg 1 26 9 69 69
0242_0014_0021_0038_0038.jpg 1 14 21 38 38
0243_0030_0045_0032_0032.jpg 1 30 45 32 32
0244_0035_0037_0029_0029.jpg 1 35 37 29 29
0245_0031_0021_0060_0060.jpg 1 31 21 60 60
0246_0026_0027_0067_0067.jpg 1 26 27 67 67
0247_0020_0053_0039_0039.jpg 1 20 53 39 39
0248_0049_0042_0030_0030.jpg 1 49 42 30 30
0249_0025_0025_0044_0044.jpg 1 25 25 44 44
0250_0027_0017_0042_0042.jpg 1 27 17 42 42
0251_0018_0041_0029_0029.jpg 1 18 41 29 29
0252_0056_0042_0037_0037.jpg 1 56 42 37 37
0253_0051_0049_0026_0026.jpg 1 51 49 26 26
0254_0012_0022_0066_0066.jpg 1 12 22 66 66
0255_0020_0008_0027_0027.jpg 1 20 8 27 27
0256_0022_0009_0037_0037.jpg 1 22 9 37 37
0257_0037_0053_0036_0036.jpg 1 37 53 36 36
0258_0029_0007_0061_0061.jpg 1 29 7 61 61
0259_0031_0030_0055_0055.jpg 1 31 30 55 55
0260_0009_0021_0067_0067.jpg 1 9 21 67 67
0261_0031_0009_0064_0064.jpg 1 31 9 64 64
0262_0058_0045_0031_0031.jpg 1 58 45 31 31
0263_0033_0015_0024_0024.jpg 1 33 15 24 24
0264_0017_0013_0068_0068.jpg 1 17 13 68 68
0265_0030_0016_0065_0065.jpg 1 30 16 65 65
0266_0025_0038_0044_0044.jpg 1 25 38 44 44
0267_0010_0042_0032_0032.jpg 1 10 42 32 32
0268_0028_0010_0062_0062.jpg 1 28 10 62 62
0269_0012_0007_0039_0039.jpg 1 12 7 39 39
0270_0017_0016_0069_0069.jpg 1 17 16 69 69
0271_0005_0011_0057_0057.jpg 1 5 11 57 57
0272_0044_0054_0027_0027.jpg 1 44 54 27 27
0273_0008_0051_0033_0033.jpg 1 8 51 33 33
0274_0040_0024_0031_0031.jpg 1 40 24 31 31
0275_0003_0007_0065_0065.jpg 1 3 7 65 65
0276_0013_0061_0028_0028.jpg 1 13 61 28 28
0277_0024_0023_0042_0042.jpg 1 24 23 42 42
0278_0028_0038_0051_0051.jpg 1 28 38 51 51
0279_0011_0031_0039_0039.jpg 1 11 31 39 39
0280_0021_0010_0068_0068.jpg 1 21 10 68 68
0281_0023_0023_0040_0040.jpg 1 23 23 40 40
0282_0011_0003_0067_0067.jpg 1 11 3 67 67
0283_0025_0033_0043_0043.jpg 1 25 33 43 43
0284_0036_0007_0050_0050.jpg 1 36 7 50 50
0285_0007_0013_0068_0068.jpg 1 7 13 68 68
0286_0035_0016_0059_0059.jpg 1 35 16 59 59
0287_0052_0045_0025_0025.jpg 1 52 45 25 25
0288_0015_0020_0059_0059.jpg 1 15 20 59 59
0289_0035_0020_0058_0058.jpg 1 35 20 58 58
0290_0013_0035_0026_0026.jpg 1 13 35 26 26
0291_0017_0041_0043_0043.jpg 1 17 41 43 43
0292_0009_0033_0038_0038.jpg 1 9 33 38 38
0293_0042_0019_0041_0041.jpg 1 42 19 41 41
0294_0039_0019_0034_0034.jpg 1 39 19 34 34
0295_0013_0018_0069_0069.jpg 1 13 18 69 69
0296_0025_0025_0054_0054.jpg 1 25 25 54 54
0297_0041_0054_0038_0038.jpg 1 41 54 38 38
0298_0039_0039_0055_0055.jpg 1 39 39 55 55
0299_0047_0045_0030_0030.jpg 1 47 45 30 30
0300_0036_0010_0049_0049.jpg 1 36 10 49 49
0301_0025_0018_0057_0057.jpg 1 25 18 57 57
0302_0062_0041_0028_0028.jpg 1 62 41 28 28
0303_0064_0047_0024_0024.jpg 1 64 47 24 24
0304_0022_0033_0029_0029.jpg 1 22 33 29 29
0305_0022_0011_0032_0032.jpg 1 22 11 32 32
0306_0016_0016_0061_0061.jpg 1 16 16 61 61
0307_0038_0027_0045_0045.jpg 1 38 27 45 45
0308_0060_0061_0028_0028.jpg 1 60 61 28 28
0309_0040_0032_0046_0046.jpg 1 40 32 46 46
0310_0011_0020_0025_0025.jpg 1 11 20 25 25
0311_0011_0032_0061_0061.jpg 1 11 32 61 61
0312_0029_0017_0057_0057.jpg 1 29 17 57 57
0313_0037_0037_0050_0050.jpg 1 37 37 50 50
0314_0038_0012_0034_0034.jpg 1 38 12 34 34
0315_0026_0035_0055_0055.jpg 1 26 35 55 55
0316_0023_0016_0063_0063.jpg 1 23 16 63 63
0317_0050_0043_0041_0041.jpg 1 50 43 41 41
0318_0004_0010_0069_0069.jpg 1 4 10 69 69
0319_0006_0028_0047_0047.jpg 1 6 28 47 47
0320_0007_0037_0029_0029.jpg 1 7 37 29 29
0321_0030_0010_0060_0060.jpg 1 30 10 60 60
0322_0043_0008_0050_0050.jpg 1 43 8 50 50
0323_0055_0060_0031_0031.jpg 1 55 60 31 31
0324_0014_0033_0050_0050.jpg 1 14 33 50 50
0325_0059_0022_0029_0029.jpg 1 59 22 29 29
0326_0026_0006_0063_0063.jpg 1 26 6 63 63
0327_0022_0004_0059_0059.jpg 1 22 4 59 59
0328_0011_0053_0039_0039.jpg 1 11 53 39 39
0329_0033_0016_0060_0060.jpg 1 33 16 60 60
0330_0008_0053_0040_0040.jpg 1 8 53 40 40
0331_0019_0013_0068_0068.jpg 1 19 13 68 68
0332_0019_0019_0069_0069.jpg 1 19 19 69 69
0333_0016_0031_0049_0049.jpg 1 16 31 49 49
0334_0039_0047_0038_0038.jpg 1 39 47 38 38
0335_0035_0017_0052_0052.jpg 1 35 17 52 52
0336_0017_0027_0068_0068.jpg 1 17 27 68 68
0337_0019_0006_0058_0058.jpg 1 19 6 58 58
0338_0007_0017_0059_0059.jpg 1 7 17 59 59
0339_0033_0045_0029_0029.jpg 1 33 45 29 29
0340_0044_0033_0039_0039.jpg 1 44 33 39 39
0341_0039_0054_0032_0032.jpg 1 39 54 32 32
0342_0021_0003_0068_0068.jpg 1 21 3 68 68
0343_0014_0004_0059_0059.jpg 1 14 4 59 59
0344_0029_0030_0055_0055.jpg 1 29 30 55 55
0345_0021_0011_0033_0033.jpg 1 21 11 33 33
0346_0046_0013_0048_0048.jpg 1 46 13 48 48
0347_0019_0027_0041_0041.jpg 1 19 27 41 41
0348_0059_0047_0029_0029.jpg 1 59 47 29 29
0349_0025_0026_0043_0043.jpg 1 25 26 43 43
0350_0031_0029_0052_0052.jpg 1 31 29 52 52
0351_0053_0007_0039_0039.jpg 1 53 7 39 39
0352_0023_0033_0058_0058.jpg 1 23 33 58 58
0353_0047_0024_0043_0043.jpg 1 47 24 43 43
0354_0016_0038_0039_0039.jpg 1 16 38 39 39
0355_0014_0013_0027_0027.jpg 1 14 13 27 27
0356_0026_0043_0037_0037.jpg 1 26 43 37 37
0357_0028_0020_0063_0063.jpg 1 28 20 63 63
0358_0034_0009_0056_0056.jpg 1 34 9 56 56
0359_0021_0020_0039_0039.jpg 1 21 20 39 39
0360_0008_0015_0069_0069.jpg 1 8 15 69 69
0361_0011_0007_0052_0052.jpg 1 11 7 52 52
0362_0032_0011_0038_0038.jpg 1 32 11 38 38
0363_0023_0026_0061_0061.jpg 1 23 26 61 61
0364_0047_0017_0034_0034.jpg 1 47 17 34 34
0365_0026_0026_0050_0050.jpg 1 26 26 50 50
0366_0010_0032_0064_0064.jpg 1 10 32 64 64
0367_0010_0028_0064_0064.jpg 1 10 28 64 64
0368_0030_0056_0027_0027.jpg 1 30 56 27 27
0369_0017_0037_0037_0037.jpg 1 17 37 37 37
0370_0028_0013_0060_0060.jpg 1 28 13 60 60
0371_0010_0026_0033_0033.jpg 1 10 26 33 33
0372_0019_0035_0038_0038.jpg 1 19 35 38 38
0373_0037_0015_0052_0052.jpg 1 37 15 52 52
0374_0026_0013_0051_0051.jpg 1 26 13 51 51
0375_0038_0025_0035_0035.jpg 1 38 25 35 35
0376_0024_0017_0054_0054.jpg 1 24 17 54 54
0377_0016_0052_0036_0036.jpg 1 16 52 36 36
0378_0014_0026_0037_0037.jpg 1 14 26 37 37
0379_0013_0018_0063_0063.jpg 1 13 18 63 63
0380_0037_0018_0053_0053.jpg 1 37 18 53 53
0381_0006_0034_0051_0051.jpg 1 6 34 51 51
0382_0019_0051_0036_0036.jpg 1 19 51 36 36
0383_0030_0035_0052_0052.jpg 1 30 35 52 52
0384_0028_0035_0058_0058.jpg 1 28 35 58 58
0385_0055_0031_0034_0034.jpg 1 55 31 34 34
0386_0048_0027_0046_0046.jpg 1 48 27 46 46
0387_0039_0029_0033_0033.jpg 1 39 29 33 33
0388_0018_0023_0061_0061.jpg 1 18 23 61 61
0389_0010_0036_0054_0054.jpg 1 10 36 54 54
0390_0009_0016_0053_0053.jpg 1 9 16 53 53
0391_0045_0028_0047_0047.jpg 1 45 28 47 47
0392_0026_0018_0059_0059.jpg 1 26 18 59 59
0393_0046_0050_0035_0035.jpg 1 46 50 35 35
0394_0025_0034_0061_0061.jpg 1 25 34 61 61
0395_0008_0020_0041_0041.jpg 1 8 20 41 41
0396_0007_0029_0034_0034.jpg 1 7 29 34 34
0397_0013_0018_0030_0030.jpg 1 13 18 30 30
0398_0044_0050_0028_0028.jpg 1 44 50 28 28
0399_0054_0037_0028_0028.jpg 1 54 37 28 28
0400_0029_0024_0066_0066.jpg 1 29 24 66 66
0401_0055_0032_0038_0038.jpg 1 55 32 38 38
0402_0042_0025_0045_0045.jpg 1 42 25 45 45
0403_0008_0026_0069_0069.jpg 1 8 26 69 69
0404_0038_0032_0056_0056.jpg 1 38 32 56 56
0405_0037_0029_0034_0034.jpg 1 37 29 34 34
0406_0041_0047_0026_0026.jpg 1 41 47 26 26
0407_0027_0025_0066_0066.jpg 1 27 25 66 66
0408_0028_0033_0053_0053.jpg 1 28 33 53 53
0409_0012_0014_0041_0041.jpg 1 12 14 41 41
0410_0043_0012_0043_0043.jpg 1 43 12 43 43
0411_0045_0044_0041_0041.jpg 1 45 44 41 41
0412_0012_0012_0063_0063.jpg 1 12 12 63 63
0413_0040_0015_0045_0045.jpg 1 40 15 45 45
0414_0033_0016_0033_0033.jpg 1 33 16 33 33
0415_0035_0039_0040_0040.jpg 1 35 39 40 40
0416_0015_0014_0066_0066.jpg 1 15 14 66 66
0417_0012_0022_0061_0061.jpg 1 12 22 61 61
0418_0029_0024_0053_0053.jpg 1 29 24 53 53
0419_0038_0046_0047_0047.jpg 1 38 46 47 47
0420_0037_0008_0034_0034.jpg 1 37 8 34 34
0421_0019_0024_0056_0056.jpg 1 19 24 56 56
0422_0036_0023_0034_0034.jpg 1 36 23 34 34
0423_0058_0053_0025_0025.jpg 1 58 53 25 25
0424_0021_0041_0054_0054.jpg 1 21 41 54 54
0425_0011_0038_0047_0047.jpg 1 11 38 47 47
0426_0010_0043_0046_0046.jpg 1 10 43 46 46
0427_0010_0027_0068_0068.jpg 1 10 27 68 68
0428_0004_0018_0056_0056.jpg 1 4 18 56 56
0429_0027_0052_0034_0034.jpg 1 27 52 34 34
0430_0010_0028_0045_0045.jpg 1 10 28 45 45
0431_0017_0020_0027_0027.jpg 1 17 20 27 27
0432_0030_0017_0042_0042.jpg 1 30 17 42 42
0433_0018_0011_0062_0062.jpg 1 18 11 62 62
0434_0033_0005_0042_0042.jpg 1 33 5 42 42
0435_0024_0030_0052_0052.jpg 1 24 30 52 52
0436_0007_0029_0060_0060.jpg 1 7 29 60 60
0437_0056_0012_0037_0037.jpg 1 56 12 37 37
0438_0016_0031_0028_0028.jpg 1 16 31 28 28
0439_0043_0045_0032_0032.jpg 1 43 45 32 32
0440_0049_0010_0030_0030.jpg 1 49 10 30 30
0441_0014_0008_0061_0061.jpg 1 14 8 61 61
0442_0021_0009_0043_0043.jpg 1 21 9 43 43
0443_0010_0010_0062_0062.jpg 1 10 10 62 62
0444_0006_0008_0062_0062.jpg 1 6 8 62 62
0445_0005_0027_0060_0060.jpg 1 5 27 60 60
0446_0020_0012_0057_0057.jpg 1 20 12 57 57
0447_0010_0033_0053_0053.jpg 1 10 33 53 53
0448_0005_0028_0052_0052.jpg 1 5 28 52 52
0449_0013_0016_0066_0066.jpg 1 13 16 66 66
0450_0038_0043_0028_0028.jpg 1 38 43 28 28
0451_0023_0041_0027_0027.jpg 1 23 41 27 27
0452_0019_0036_0055_0055.jpg 1 19 36 55 55
0453_0043_0005_0049_0049.jpg 1 43 5 49 49
0454_0051_0016_0027_0027.jpg 1 51 16 27 27
0455_0004_0024_0061_0061.jpg 1 4 24 61 61
0456_0006_0037_0057_0057.jpg 1 6 37 57 57
0457_0011_0049_0030_0030.jpg 1 11 49 30 30
0458_0015_0048_0027_0027.jpg 1 15 48 27 27
0459_0021_0036_0034_0034.jpg 1 21 36 34 34
0460_0004_0027_0065_0065.jpg 1 4 27 65 65
0461_0047_0017_0036_0036.jpg 1 47 17 36 36
0462_0047_0036_0024_0024.jpg 1 47 36 24 24
0463_0024_0038_0056_0056.jpg 1 24 38 56 56
0464_0051_0065_0024_0024.jpg 1 51 65 24 24
0465_0046_0024_0038_0038.jpg 1 46 24 38 38
0466_0011_0032_0038_0038.jpg 1 11 32 38 38
0467_0026_0029_0060_0060.jpg 1 26 29 60 60
0468_0041_0024_0045_0045.jpg 1 41 24 45 45
0469_0016_0021_0031_0031.jpg 1 16 21 31 31
0470_0024_0029_0050_0050.jpg 1 24 29 50 50
0471_0013_0028_0025_0025.jpg 1 13 28 25 25
0472_0023_0020_0047_0047.jpg 1 23 20 47 47
0473_0006_0035_0052_0052.jpg 1 6 35 52 52
0474_0055_0008_0026_0026.jpg 1 55 8 26 26
0475_0026_0005_0063_0063.jpg 1 26 5 63 63
0476_0020_0021_0028_0028.jpg 1 20 21 28 28
0477_0031_0011_0042_0042.jpg 1 31 11 42 42
0478_0039_0039_0040_0040.jpg 1 39 39 40 40
0479_0009_0009_0060_0060.jpg 1 9 9 60 60
0480_0011_0052_0039_0039.jpg 1 11 52 39 39
0481_0022_0035_0026_0026.jpg 1 22 35 26 26
0482_0037_0044_0028_0028.jpg 1 37 44 28 28
0483_0034_0053_0031_0031.jpg 1 34 53 31 31
0484_0007_0016_0039_0039.jpg 1 7 16 39 39
0485_0031_0058_0031_0031.jpg 1 31 58 31 31
0486_0036_0026_0055_0055.jpg 1 36 26 55 55
0487_0007_0014_0058_0058.jpg 1 7 14 58 58
0488_0016_0023_0067_0067.jpg 1 16 23 67 67
0489_0024_0026_0065_0065.jpg 1 24 26 65 65
0490_0017_0031_0056_0056.jpg 1 17 31 56 56
0491_0036_0062_0028_0028.jpg 1 36 62 28 28
0492_0015_0003_0068_0068.jpg 1 15 3 68 68
0493_0003_0005_0067_0067.jpg 1 3 5 67 67
0494_0016_0004_0063_0063.jpg 1 16 4 63 63
0495_0011_0030_0043_0043.jpg 1 11 30 43 43
0496_0033_0014_0036_0036.jpg 1 33 14 36 36
0497_0046_0054_0025_0025.jpg 1 46 54 25 25
0498_0027_0019_0057_0057.jpg 1 27 19 57 57
0499_0050_0026_0033_0033.jpg 1 50 26 33 33
0500_0054_0021_0036_0036.jpg 1 54 21 36 36
0501_0029_0031_0061_0061.jpg 1 29 31 61 61
0502_0008_0004_0058_0058.jpg 1 8 4 58 58
0503_0019_0007_0063_0063.jpg 1 19 7 63 63
0504_0039_0034_0041_0041.jpg 1 39 34 41 41
0505_0021_0009_0063_0063.jpg 1 21 9 63 63
0506_0035_0040_0024_0024.jpg 1 35 40 24 24
0507_0028_0005_0063_0063.jpg 1 28 5 63 63
0508_0005_0042_0050_0050.jpg 1 5 42 50 50
0509_0039_0033_0033_0033.jpg 1 39 33 33 33
0510_0018_0010_0061_0061.jpg 1 18 10 61 61
0511_0029_0017_0026_0026.jpg 1 29 17 26 26
0512_0024_0016_0066_0066.jpg 1 24 16 66 66
0513_0010_0025_0047_0047.jpg 1 10 25 47 47
0514_0014_0037_0054_0054.jpg 1 14 37 54 54
0515_0038_0057_0031_0031.jpg 1 38 57 31 31
0516_0038_0041_0034_0034.jpg 1 38 41 34 34
0517_0009_0013_0047_0047.jpg 1 9 13 47 47
0518_0022_0007_0060_0060.jpg 1 22 7 60 60
0519_0021_0003_0066_0066.jpg 1 21 3 66 66
0520_0006_0016_0063_0063.jpg 1 6 16 63 63
0521_0014_0013_0068_0068.jpg 1 14 13 68 68
0522_0012_0027_0029_0029.jpg 1 12 27 29 29
0523_0056_0038_0029_0029.jpg 1 56 38 29 29
0524_0020_0029_0036_0036.jpg 1 20 29 36 36
0525_0027_0021_0066_0066.jpg 1 27 21 66 66
0526_0028_0004_0053_0053.jpg 1 28 4 53 53
0527_0026_0014_0032_0032.jpg 1 26 14 32 32
0528_0011_0033_0058_0058.jpg 1 11 33 58 58
0529_0024_0022_0039_0039.jpg 1 24 22 39 39
0530_0011_0023_0062_0062.jpg 1 11 23 62 62
0531_0019_0019_0042_0042.jpg 1 19 19 42 42
0532_0018_0027_0059_0059.jpg 1 18 27 59 59
0533_0020_0003_0066_0066.jpg 1 20 3 66 66
0534_0031_0031_0031_0031.jpg 1 31 31 31 31
0535_0016_0007_0063_0063.jpg 1 16 7 63 63
0536_0024_0032_0044_0044.jpg 1 24 32 44 44
0537_0034_0041_0045_0045.jpg 1 34 41 45 45
0538_0020_0008_0062_0062.jpg 1 20 8 62 62
0539_0018_0039_0024_0024.jpg 1 18 39 24 24
0540_0037_0037_0050_0050.jpg 1 37 37 50 50
0541_0018_0028_0044_0044.jpg 1 18 28 44 44
0542_0031_0033_0044_0044.jpg 1 31 33 44 44
0543_0031_0042_0036_0036.jpg 1 31 42 36 36
0544_0015_0015_0060_0060.jpg 1 15 15 60 60
0545_0028_0039_0043_0043.jpg 1 28 39 43 43
0546_0026_0014_0041_0041.jpg 1 26 14 41 41
0547_0014_0019_0024_0024.jpg 1 14 19 24 24
0548_0009_0010_0063_0063.jpg 1 9 10 63 63
0549_0008_0015_0062_0062.jpg 1 8 15 62 62
0550_0025_0042_0032_0032.jpg 1 25 42 32 32
0551_0042_0019_0028_0028.jpg 1 42 19 28 28
0552_0050_0011_0041_0041.jpg 1 50 11 41 41
0553_0030_0020_0056_0056.jpg 1 30 20 56 56
0554_0008_0017_0056_0056.jpg 1 8 17 56 56
0555_0024_0008_0058_0058.jpg 1 24 8 58 58
0556_0036_0035_0030_0030.jpg 1 36 35 30 30
0557_0035_0043_0042_0042.jpg 1 35 43 42 42
0558_0005_0016_0065_0065.jpg 1 5 16 65 65
0559_0011_0014_0065_0065.jpg 1 11 14 65 65
0560_0010_0041_0035_0035.jpg 1 10 41 35 35
0561_0007_0055_0031_0031.jpg 1 7 55 31 31
0562_0005_0012_0066_0066.jpg 1 5 12 66 66
0563_0032_0019_0057_0057.jpg 1 32 19 57 57
0564_0018_0056_0024_0024.jpg 1 18 56 24 24
0565_0035_0017_0048_0048.jpg 1 35 17 48 48
0566_0007_0007_0047_0047.jpg 1 7 7 47 47
0567_0023_0023_0068_0068.jpg 1 23 23 68 68
0568_0024_0036_0055_0055.jpg 1 24 36 55 55
0569_0032_0045_0045_0045.jpg 1 32 45 45 45
0570_0011_0031_0055_0055.jpg 1 11 31 55 55
0571_0043_0032_0028_0028.jpg 1 43 32 28 28
0572_0054_0063_0026_0026.jpg 1 54 63 26 26
0573_0036_0027_0058_0058.jpg 1 36 27 58 58
0574_0016_0019_0041_0041.jpg 1 16 19 41 41
0575_0062_0024_0028_0028.jpg 1 62 24 28 28
0576_0013_0028_0033_0033.jpg 1 13 28 33 33
0577_0035_0012_0028_0028.jpg 1 35 12 28 28
0578_0048_0058_0029_0029.jpg 1 48 58 29 29
0579_0020_0011_0033_0033.jpg 1 20 11 33 33
0580_0015_0031_0049_0049.jpg 1 15 31 49 49
0581_0046_0060_0026_0026.jpg 1 46 60 26 26
0582_0030_0038_0052_0052.jpg 1 30 38 52 52
0583_0029_0021_0061_0061.jpg 1 29 21 61 61
0584_0033_0017_0048_0048.jpg 1 33 17 48 48
0585_0023_0035_0057_0057.jpg 1 23 35 57 57
0586_0017_0018_0064_0064.jpg 1 17 18 64 64
0587_0004_0025_0056_0056.jpg 1 4 25 56 56
0588_0026_0020_0057_0057.jpg 1 26 20 57 57
0589_0038_0035_0028_0028.jpg 1 38 35 28 28
0590_0055_0038_0038_0038.jpg 1 55 38 38 38
0591_0059_0028_0030_0030.jpg 1 59 28 30 30
0592_0067_0036_0025_0025.jpg 1 67 36 25 25
0593_0061_0043_0024_0024.jpg 1 61 43 24 24
0594_0022_0022_0052_0052.jpg 1 22 22 52 52
0595_0053_0008_0029_0029.jpg 1 53 8 29 29
0596_0025_0008_0045_0045.jpg 1 25 8 45 45
0597_0025_0026_0059_0059.jpg 1 25 26 59 59
0598_0014_0020_0058_0058.jpg 1 14 20 58 58
0599_0038_0038_0034_0034.jpg 1 38 38 34 34
0600_0012_0008_0043_0043.jpg 1 12 8 43 43
0601_0025_0011_0056_0056.jpg 1 25 11 56 56
0602_0017_0017_0043_0043.jpg 1 17 17 43 43
0603_0026_0038_0054_0054.jpg 1 26 38 54 54
0604_0023_0040_0053_0053.jpg 1 23 40 53 53
0605_0007_0025_0026_0026.jpg 1 7 25 26 26
0606_0051_0036_0035_0035.jpg 1 51 36 35 35
0607_0050_0030_0043_0043.jpg 1 50 30 43 43
0608_0019_0035_0058_0058.jpg 1 19 35 58 58
0609_0020_0031_0064_0064.jpg 1 20 31 64 64
0610_0053_0011_0036_0036.jpg 1 53 11 36 36
0611_0030_0012_0026_0026.jpg 1 30 12 26 26
0612_0022_0038_0032_0032.jpg 1 22 38 32 32
0613_0007_0026_0035_0035.jpg 1 7 26 35 35
0614_0045_0030_0043_0043.jpg 1 45 30 43 43
0615_0006_0024_0069_0069.jpg 1 6 24 69 69
0616_0027_0025_0060_0060.jpg 1 27 25 60 60
0617_0024_0014_0026_0026.jpg 1 24 14 26 26
0618_0028_0053_0034_0034.jpg 1 28 53 34 34
0619_0034_0048_0040_0040.jpg 1 34 48 40 40
0620_0019_0031_0060_0060.jpg 1 19 31 60 60
0621_0018_0026_0033_0033.jpg 1 18 26 33 33
0622_0014_0015_0057_0057.jpg 1 14 15 57 57
0623_0038_0026_0057_0057.jpg 1 38 26 57 57
0624_0034_0015_0051_0051.jpg 1 34 15 51 51
0625_0007_0043_0031_0031.jpg 1 7 43 31 31
0626_0022_0046_0035_0035.jpg 1 22 46 35 35
0627_0015_0045_0024_0024.jpg 1 15 45 24 24
0628_0050_0056_0033_0033.jpg 1 50 56 33 33
0629_0012_0018_0031_0031.jpg 1 12 18 31 31
0630_0024_0047_0044_0044.jpg 1 24 47 44 44
0631_0020_0031_0035_0035.jpg 1 20 31 35 35
0632_0028_0037_0043_0043.jpg 1 28 37 43 43
0633_0038_0053_0039_0039.jpg 1 38 53 39 39
0634_0004_0004_0068_0068.jpg 1 4 4 68 68
0635_0049_0048_0031_0031.jpg 1 49 48 31 31
0636_0046_0020_0039_0039.jpg 1 46 20 39 39
0637_0010_0022_0061_0061.jpg 1 10 22 61 61
0638_0027_0018_0043_0043.jpg 1 27 18 43 43
0639_0004_0034_0054_0054.jpg 1 4 34 54 54
0640_0004_0016_0069_0069.jpg 1 4 16 69 69
0641_0014_0008_0060_0060.jpg 1 14 8 60 60
0642_0047_0019_0035_0035.jpg 1 47 19 35 35
0643_0011_0026_0044_0044.jpg 1 11 26 44 44
0644_0008_0018_0053_0053.jpg 1 8 18 53 53
0645_0021_0009_0034_0034.jpg 1 21 9 34 34
0646_0030_0028_0050_0050.jpg 1 30 28 50 50
0647_0023_0039_0036_0036.jpg 1 23 39 36 36
0648_0028_0022_0059_0059.jpg 1 28 22 59 59
0649_0034_0024_0059_0059.jpg 1 34 24 59 59
0650_0022_0017_0063_0063.jpg 1 22 17 63 63
0651_0026_0039_0030_0030.jpg 1 26 39 30 30
0652_0011_0016_0063_0063.jpg 1 11 16 63 63
0653_0010_0009_0035_0035.jpg 1 10 9 35 35
0654_0011_0029_0054_0054.jpg 1 11 29 54 54
0655_0024_0032_0029_0029.jpg 1 24 32 29 29
0656_0029_0049_0042_0042.jpg 1 29 49 42 42
0657_0008_0033_0058_0058.jpg 1 8 33 58 58
0658_0015_0022_0055_0055.jpg 1 15 22 55 55
0659_0022_0006_0053_0053.jpg 1 22 6 53 53
0660_0020_0011_0064_0064.jpg 1 20 11 64 64
0661_0024_0016_0030_0030.jpg 1 24 16 30 30
0662_0037_0051_0026_0026.jpg 1 37 51 26 26
0663_0048_0023_0035_0035.jpg 1 48 23 35 35
0664_0019_0041_0040_0040.jpg 1 19 41 40 40
0665_0009_0024_0048_0048.jpg 1 9 24 48 48
0666_0024_0013_0034_0034.jpg 1 24 13 34 34
0667_0036_0036_0056_0056.jpg 1 36 36 56 56
0668_0031_0024_0064_0064.jpg 1 31 24 64 64
0669_0023_0027_0067_0067.jpg 1 23 27 67 67
0670_0048_0033_0044_0044.jpg 1 48 33 44 44
0671_0026_0022_0030_0030.jpg 1 26 22 30 30
0672_0018_0012_0064_0064.jpg 1 18 12 64 64
0673_0033_0029_0035_0035.jpg 1 33 29 35 35
0674_0028_0053_0039_0039.jpg 1 28 53 39 39
0675_0037_0016_0055_0055.jpg 1 37 16 55 55
0676_0031_0034_0036_0036.jpg 1 31 34 36 36
0677_0046_0019_0045_0045.jpg 1 46 19 45 45
0678_0047_0023_0044_0044.jpg 1 47 23 44 44
0679_0018_0012_0034_0034.jpg 1 18 12 34 34
0680_0065_0057_0025_0025.jpg 1 65 57 25 25
0681_0037_0042_0041_0041.jpg 1 37 42 41 41
0682_0014_0012_0051_0051.jpg 1 14 12 51 51
0683_0009_0033_0061_0061.jpg 1 9 33 61 61
0684_0052_0049_0039_0039.jpg 1 52 49 39 39
0685_0043_0044_0045_0045.jpg 1 43 44 45 45
0686_0030_0022_0065_0065.jpg 1 30 22 65 65
0687_0010_0020_0047_0047.jpg 1 10 20 47 47
0688_0037_0030_0042_0042.jpg 1 37 30 42 42
0689_0041_0041_0052_0052.jpg 1 41 41 52 52
0690_0014_0018_0025_0025.jpg 1 14 18 25 25
0691_0059_0058_0028_0028.jpg 1 59 58 28 28
0692_0025_0052_0032_0032.jpg 1 25 52 32 32
0693_0007_0030_0061_0061.jpg 1 7 30 61 61
0694_0031_0055_0031_0031.jpg 1 31 55 31 31
0695_0012_0043_0027_0027.jpg 1 12 43 27 27
0696_0038_0067_0024_0024.jpg 1 38 67 24 24
0697_0021_0028_0066_0066.jpg 1 21 28 66 66
0698_0036_0021_0053_0053.jpg 1 36 21 53 53
0699_0015_0035_0049_0049.jpg 1 15 35 49 49
0700_0022_0039_0052_0052.jpg 1 22 39 52 52
0701_0043_0049_0035_0035.jpg 1 43 49 35 35
0702_0019_0006_0058_0058.jpg 1 19 6 58 58
0703_0027_0038_0051_0051.jpg 1 27 38 51 51
0704_0016_0030_0030_0030.jpg 1 16 30 30 30
0705_0057_0032_0025_0025.jpg 1 57 32 25 25
0706_0013_0009_0037_0037.jpg 1 13 9 37 37
0707_0024_0024_0026_0026.jpg 1 24 24 26 26
0708_0034_0027_0059_0059.jpg 1 34 27 59 59
0709_0030_0026_0063_0063.jpg 1 30 26 63 63
0710_0028_0018_0068_0068.jpg 1 28 18 68 68
0711_0028_0016_0058_0058.jpg 1 28 16 58 58
0712_0041_0018_0039_0039.jpg 1 41 18 39 39
0713_0011_0011_0069_0069.jpg 1 11 11 69 69
0714_0024_0004_0063_0063.jpg 1 24 4 63 63
0715_0058_0051_0029_0029.jpg 1 58 51 29 29
0716_0034_0015_0025_0025.jpg 1 34 15 25 25
0717_0004_0024_0068_0068.jpg 1 4 24 68 68
0718_0037_0026_0055_0055.jpg 1 37 26 55 55
0719_0014_0025_0055_0055.jpg 1 14 25 55 55
0720_0018_0017_0067_0067.jpg 1 18 17 67 67
0721_0020_0013_0068_0068.jpg 1 20 13 68 68
0722_0039_0056_0036_0036.jpg 1 39 56 36 36
0723_0020_0018_0036_0036.jpg 1 20 18 36 36
0724_0044_0038_0038_0038.jpg 1 44 38 38 38
0725_0016_0007_0063_0063.jpg 1 16 7 63 63
0726_0048_0023_0039_0039.jpg 1 48 23 39 39
0727_0006_0006_0042_0042.jpg 1 6 6 42 42
0728_0009_0049_0035_0035.jpg 1 9 49 35 35
0729_0014_0007_0068_0068.jpg 1 14 7 68 68
0730_0042_0005_0049_0049.jpg 1 42 5 49 49
0731_0037_0058_0034_0034.jpg 1 37 58 34 34
0732_0013_0012_0036_0036.jpg 1 13 12 36 36
0733_0022_0028_0064_0064.jpg 1 22 28 64 64
0734_0010_0030_0037_0037.jpg 1 10 30 37 37
0735_0018_0017_0067_0067.jpg 1 18 17 67 67
0736_0025_0016_0067_0067.jpg 1 25 16 67 67
0737_0030_0019_0046_0046.jpg 1 30 19 46 46
0738_0027_0011_0050_0050.jpg 1 27 11 50 50
0739_0015_0017_0052_0052.jpg 1 15 17 52 52
0740_0008_0010_0063_0063.jpg 1 8 10 63 63
0741_0057_0028_0035_0035.jpg 1 57 28 35 35
0742_0009_0012_0069_0069.jpg 1 9 12 69 69
0743_0012_0060_0024_0024.jpg 1 12 60 24 24
0744_0032_0033_0057_0057.jpg 1 32 33 57 57
0745_0021_0023_0063_0063.jpg 1 21 23 63 63
0746_0005_0009_0067_0067.jpg 1 5 9 67 67
0747_0042_0020_0040_0040.jpg 1 42 20 40 40
0748_0014_0031_0027_0027.jpg 1 14 31 27 27
0749_0037_0013_0041_0041.jpg 1 37 13 41 41
0750_0024_0008_0026_0026.jpg 1 24 8 26 26
0751_0036_0036_0054_0054.jpg 1 36 36 54 54
0752_0054_0024_0035_0035.jpg 1 54 24 35 35
0753_0029_0020_0025_0025.jpg 1 29 20 25 25
0754_0036_0035_0051_0051.jpg 1 36 35 51 51
0755_0039_0014_0048_0048.jpg 1 39 14 48 48
0756_0063_0058_0024_0024.jpg 1 63 58 24 24
0757_0020_0009_0026_0026.jpg 1 20 9 26 26
0758_0008_0040_0049_0049.jpg 1 8 40 49 49
0759_0029_0033_0053_0053.jpg 1 29 33 53 53
0760_0011_0034_0049_0049.jpg 1 11 34 49 49
0761_0021_0015_0069_0069.jpg 1 21 15 69 69
0762_0041_0026_0034_0034.jpg 1 41 26 34 34
0763_0013_0016_0064_0064.jpg 1 13 16 64 64
0764_0020_0009_0064_0064.jpg 1 20 9 64 64
0765_0035_0028_0056_0056.jpg 1 35 28 56 56
0766_0036_0011_0030_0030.jpg 1 36 11 30 30
0767_0004_0016_0066_0066.jpg 1 4 16 66 66
0768_0030_0053_0024_0024.jpg 1 30 53 24 24
0769_0035_0038_0036_0036.jpg 1 35 38 36 36
0770_0032_0031_0036_0036.jpg 1 32 31 36 36
0771_0048_0014_0032_0032.jpg 1 48 14 32 32
0772_0027_0023_0067_0067.jpg 1 27 23 67 67
0773_0022_0023_0065_0065.jpg 1 22 23 65 65
0774_0044_0012_0027_0027.jpg 1 44 12 27 27
0775_0006_0023_0069_0069.jpg 1 6 23 69 69
0776_0022_0016_0052_0052.jpg 1 22 16 52 52
0777_0035_0043_0047_0047.jpg 1 35 43 47 47
0778_0027_0050_0039_0039.jpg 1 27 50 39 39
0779_0018_0021_0043_0043.jpg 1 18 21 43 43
0780_0045_0014_0035_0035.jpg 1 45 14 35 35
0781_0023_0013_0054_0054.jpg 1 23 13 54 54
0782_0015_0010_0056_0056.jpg 1 15 10 56 56
0783_0031_0009_0060_0060.jpg 1 31 9 60 60
0784_0009_0023_0039_0039.jpg 1 9 23 39 39
0785_0017_0043_0029_0029.jpg 1 17 43 29 29
0786_0029_0010_0057_0057.jpg 1 29 10 57 57
0787_0004_0018_0069_0069.jpg 1 4 18 69 69
0788_0007_0025_0064_0064.jpg 1 7 25 64 64
0789_0033_0018_0046_0046.jpg 1 33 18 46 46
0790_0026_0014_0024_0024.jpg 1 26 14 24 24
0791_0028_0029_0052_0052.jpg 1 28 29 52 52
0792_0004_0024_0068_0068.jpg 1 4 24 68 68
0793_0022_0034_0043_0043.jpg 1 22 34 43 43
0794_0017_0032_0051_0051.jpg 1 17 32 51 51
0795_0021_0006_0039_0039.jpg 1 21 6 39 39
0796_0008_0020_0069_0069.jpg 1 8 20 69 69
0797_0025_0051_0037_0037.jpg 1 25 51 37 37
0798_0017_0024_0068_0068.jpg 1 17 24 68 68
0799_0028_0003_0063_0063.jpg 1 28 3 63 63
0800_0017_0009_0062_0062.jpg 1 17 9 62 62
0801_0012_0025_0051_0051.jpg 1 12 25 51 51
0802_0057_0023_0026_0026.jpg 1 57 23 26 26
0803_0058_0047_0029_0029.jpg 1 58 47 29 29
0804_0022_0020_0031_0031.jpg 1 22 20 31 31
0805_0036_0005_0053_0053.jpg 1 36 5 53 53
0806_0025_0007_0064_0064.jpg 1 25 7 64 64
0807_0031_0047_0027_0027.jpg 1 31 47 27 27
0808_0026_0028_0051_0051.jpg 1 26 28 51 51
0809_0028_0027_0066_0066.jpg 1 28 27 66 66
0810_0047_0008_0041_0041.jpg 1 47 8 41 41
0811_0027_0026_0024_0024.jpg 1 27 26 24 24
0812_0035_0006_0042_0042.jpg 1 35 6 42 42
0813_0048_0013_0027_0027.jpg 1 48 13 27 27
0814_0004_0014_0065_0065.jpg 1 4 14 65 65
0815_0029_0031_0061_0061.jpg 1 29 31 61 61
0816_0033_0007_0033_0033.jpg 1 33 7 33 33
0817_0038_0036_0054_0054.jpg 1 38 36 54 54
0818_0034_0030_0046_0046.jpg 1 34 30 46 46
0819_0006_0032_0062_0062.jpg 1 6 32 62 62
0820_0026_0012_0062_0062.jpg 1 26 12 62 62
0821_0015_0042_0042_0042.jpg 1 15 42 42 42
0822_0015_0007_0046_0046.jpg 1 15 7 46 46
0823_0018_0029_0024_0024.jpg 1 18 29 24 24
0824_0013_0014_0063_0063.jpg 1 13 14 63 63
0825_0040_0018_0049_0049.jpg 1 40 18 49 49
0826_0009_0010_0062_0062.jpg 1 9 10 62 62
0827_0022_0016_0062_0062.jpg 1 22 16 62 62
0828_0018_0036_0043_0043.jpg 1 18 36 43 43
0829_0020_0033_0037_0037.jpg 1 20 33 37 37
0830_0015_0028_0045_0045.jpg 1 15 28 45 45
0831_0026_0019_0058_0058.jpg 1 26 19 58 58
0832_0050_0033_0031_0031.jpg 1 50 33 31 31
0833_0035_0027_0059_0059.jpg 1 35 27 59 59
0834_0037_0010_0037_0037.jpg 1 37 10 37 37
0835_0019_0023_0055_0055.jpg 1 19 23 55 55
0836_0034_0021_0025_0025.jpg 1 34 21 25 25
0837_0024_0018_0026_0026.jpg 1 24 18 26 26
0838_0018_0014_0064_0064.jpg 1 18 14 64 64
0839_0020_0043_0038_0038.jpg 1 20 43 38 38
0840_0007_0016_0037_0037.jpg 1 7 16 37 37
0841_0009_0034_0044_0044.jpg 1 9 34 44 44
0842_0037_0008_0049_0049.jpg 1 37 8 49 49
0843_0043_0048_0035_0035.jpg 1 43 48 35 35
0844_0042_0023_0049_0049.jpg 1 42 23 49 49
0845_0007_0018_0061_0061.jpg 1 7 18 61 61
0846_0027_0015_0028_0028.jpg 1 27 15 28 28
0847_0033_0020_0047_0047.jpg 1 33 20 47 47
0848_0049_0040_0043_0043.jpg 1 49 40 43 43
0849_0019_0049_0042_0042.jpg 1 19 49 42 42
0850_0012_0058_0031_0031.jpg 1 12 58 31 31
0851_0043_0023_0039_0039.jpg 1 43 23 39 39
0852_0028_0049_0043_0043.jpg 1 28 49 43 43
0853_0035_0014_0036_0036.jpg 1 35 14 36 36
0854_0007_0017_0068_0068.jpg 1 7 17 68 68
0855_0024_0007_0036_0036.jpg 1 24 7 36 36
0856_0009_0039_0030_0030.jpg 1 9 39 30 30
0857_0036_0030_0059_0059.jpg 1 36 30 59 59
0858_0038_0038_0036_0036.jpg 1 38 38 36 36
0859_0030_0021_0049_0049.jpg 1 30 21 49 49
0860_0019_0009_0065_0065.jpg 1 19 9 65 65
0861_0029_0052_0036_0036.jpg 1 29 52 36 36
0862_0034_0010_0035_0035.jpg 1 34 10 35 35
0863_0026_0040_0047_0047.jpg 1 26 40 47 47
0864_0036_0052_0031_0031.jpg 1 36 52 31 31
0865_0025_0037_0046_0046.jpg 1 25 37 46 46
0866_0017_0015_0027_0027.jpg 1 17 15 27 27
0867_0015_0039_0026_0026.jpg 1 15 39 26 26
0868_0046_0039_0027_0027.jpg 1 46 39 27 27
0869_0026_0039_0042_0042.jpg 1 26 39 42 42
0870_0006_0022_0069_0069.jpg 1 6 22 69 69
0871_0038_0039_0034_0034.jpg 1 38 39 34 34
0872_0007_0016_0038_0038.jpg 1 7 16 38 38
0873_0046_0017_0043_0043.jpg 1 46 17 43 43
0874_0022_0015_0037_0037.jpg 1 22 15 37 37
0875_0011_0062_0027_0027.jpg 1 11 62 27 27
0876_0042_0023_0035_0035.jpg 1 42 23 35 35
0877_0016_0028_0068_0068.jpg 1 16 28 68 68
0878_0031_0038_0054_0054.jpg 1 31 38 54 54
0879_0016_0039_0051_0051.jpg 1 16 39 51 51
0880_0028_0007_0043_0043.jpg 1 28 7 43 43
0881_0023_0025_0058_0058.jpg 1 23 25 58 58
0882_0026_0016_0060_0060.jpg 1 26 16 60 60
0883_0029_0011_0064_0064.jpg 1 29 11 64 64
0884_0045_0008_0041_0041.jpg 1 45 8 41 41
0885_0047_0021_0027_0027.jpg 1 47 21 27 27
0886_0006_0011_0068_0068.jpg 1 6 11 68 68
0887_0040_0020_0039_0039.jpg 1 40 20 39 39
0888_0030_0050_0040_0040.jpg 1 30 50 40 40
0889_0018_0006_0066_0066.jpg 1 18 6 66 66
0890_0013_0063_0027_0027.jpg 1 13 63 27 27
0891_0034_0034_0031_0031.jpg 1 34 34 31 31
0892_0054_0044_0028_0028.jpg 1 54 44 28 28
0893_0042_0036_0051_0051.jpg 1 42 36 51 51
0894_0049_0046_0035_0035.jpg 1 49 46 35 35
0895_0003_0014_0068_0068.jpg 1 3 14 68 68
0896_0019_0018_0066_0066.jpg 1 19 18 66 66
0897_0015_0021_0052_0052.jpg 1 15 21 52 52
0898_0026_0016_0046_0046.jpg 1 26 16 46 46
0899_0035_0009_0050_0050.jpg 1 35 9 50 50
0900_0019_0047_0040_0040.jpg 1 19 47 40 40
0901_0018_0018_0068_0068.jpg 1 18 18 68 68
0902_0034_0034_0054_0054.jpg 1 34 34 54 54
0903_0008_0013_0045_0045.jpg 1 8 13 45 45
0904_0013_0014_0034_0034.jpg 1 13 14 34 34
0905_0055_0021_0030_0030.jpg 1 55 21 30 30
0906_0004_0006_0065_0065.jpg 1 4 6 65 65
0907_0033_0011_0040_0040.jpg 1 33 11 40 40
0908_0006_0009_0063_0063.jpg 1 6 9 63 63
0909_0019_0009_0046_0046.jpg 1 19 9 46 46
0910_0033_0014_0045_0045.jpg 1 33 14 45 45
0911_0008_0033_0051_0051.jpg 1 8 33 51 51
0912_0033_0035_0038_0038.jpg 1 33 35 38 38
0913_0009_0033_0062_0062.jpg 1 9 33 62 62
0914_0046_0055_0025_0025.jpg 1 46 55 25 25
0915_0015_0022_0057_0057.jpg 1 15 22 57 57
0916_0012_0047_0032_0032.jpg 1 12 47 32 32
0917_0051_0031_0032_0032.jpg 1 51 31 32 32
0918_0027_0010_0053_0053.jpg 1 27 10 53 53
0919_0014_0019_0026_0026.jpg 1 14 19 26 26
0920_0008_0043_0041_0041.jpg 1 8 43 41 41
0921_0042_0021_0036_0036.jpg 1 42 21 36 36
0922_0036_0021_0051_0051.jpg 1 36 21 51 51
0923_0013_0009_0055_0055.jpg 1 13 9 55 55
0924_0052_0059_0033_0033.jpg 1 52 59 33 33
0925_0048_0043_0041_0041.jpg 1 48 43 41 41
0926_0036_0018_0057_0057.jpg 1 36 18 57 57
0927_0053_0032_0036_0036.jpg 1 53 32 36 36
0928_0024_0047_0038_0038.jpg 1 24 47 38 38
0929_0008_0039_0040_0040.jpg 1 8 39 40 40
0930_0008_0048_0043_0043.jpg 1 8 48 43 43
0931_0031_0030_0051_0051.jpg 1 31 30 51 51
0932_0018_0029_0064_0064.jpg 1 18 29 64 64
0933_0008_0036_0026_0026.jpg 1 8 36 26 26
0934_0034_0044_0036_0036.jpg 1 34 44 36 36
0935_0011_0012_0045_0045.jpg 1 11 12 45 45
0936_0024_0051_0032_0032.jpg 1 24 51 32 32
0937_0013_0009_0052_0052.jpg 1 13 9 52 52
0938_0036_0037_0038_0038.jpg 1 36 37 38 38
0939_0017_0014_0050_0050.jpg 1 17 14 50 50
0940_0060_0026_0033_0033.jpg 1 60 26 33 33
0941_0008_0025_0068_0068.jpg 1 8 25 68 68
0942_0019_0035_0048_0048.jpg 1 19 35 48 48
0943_0011_0040_0038_0038.jpg 1 11 40 38 38
0944_0020_0059_0030_0030.jpg 1 20 59 30 30
0945_0032_0021_0062_0062.jpg 1 32 21 62 62
0946_0009_0017_0047_0047.jpg 1 9 17 47 47
0947_0019_0006_0062_0062.jpg 1 19 6 62 62
0948_0007_0025_0065_0065.jpg 1 7 25 65 65
0949_0025_0046_0027_0027.jpg 1 25 46 27 27
0950_0046_0040_0041_0041.jpg 1 46 40 41 41
0951_0032_0015_0057_0057.jpg 1 32 15 57 57
0952_0029_0042_0036_0036.jpg 1 29 42 36 36
0953_0009_0033_0057_0057.jpg 1 9 33 57 57
0954_0018_0029_0065_0065.jpg 1 18 29 65 65
0955_0015_0033_0028_0028.jpg 1 15 33 28 28
0956_0062_0013_0026_0026.jpg 1 62 13 26 26
0957_0032_0061_0028_0028.jpg 1 32 61 28 28
0958_0017_0046_0048_0048.jpg 1 17 46 48 48
0959_0022_0046_0027_0027.jpg 1 22 46 27 27
0960_0013_0030_0039_0039.jpg 1 13 30 39 39
0961_0012_0008_0063_0063.jpg 1 12 8 63 63
0962_0028_0007_0054_0054.jpg 1 28 7 54 54
0963_0020_0021_0025_0025.jpg 1 20 21 25 25
0964_0010_0011_0037_0037.jpg 1 10 11 37 37
0965_0064_0042_0024_0024.jpg 1 64 42 24 24
0966_0007_0029_0051_0051.jpg 1 7 29 51 51
0967_0007_0019_0050_0050.jpg 1 7 19 50 50
0968_0027_0032_0043_0043.jpg 1 27 32 43 43
0969_0055_0015_0033_0033.jpg 1 55 15 33 33
0970_0038_0023_0045_0045.jpg 1 38 23 45 45
0971_0026_0032_0045_0045.jpg 1 26 32 45 45
0972_0014_0011_0068_0068.jpg 1 14 11 68 68
0973_0025_0014_0063_0063.jpg 1 25 14 63 63
0974_0021_0030_0065_0065.jpg 1 21 30 65 65
0975_0022_0012_0044_0044.jpg 1 22 12 44 44
0976_0015_0019_0069_0069.jpg 1 15 19 69 69
0977_0026_0038_0054_0054.jpg 1 26 38 54 54
0978_0047_0057_0026_0026.jpg 1 47 57 26 26
0979_0042_0061_0031_0031.jpg 1 42 61 31 31
0980_0005_0034_0061_0061.jpg 1 5 34 61 61
0981_0036_0029_0033_0033.jpg 1 36 29 33 33
0982_0005_0007_0069_0069.jpg 1 5 7 69 69
0983_0006_0035_0044_0044.jpg 1 6 35 44 44
0984_0007_0063_0029_0029.jpg 1 7 63 29 29
0985_0028_0036_0029_0029.jpg 1 28 36 29 29
0986_0033_0038_0032_0032.jpg 1 33 38 32 32
0987_0008_0014_0069_0069.jpg 1 8 14 69 69
0988_0016_0006_0069_0069.jpg 1 16 6 69 69
0989_0058_0019_0031_0031.jpg 1 58 19 31 31
0990_0005_0008_0066_0066.jpg 1 5 8 66 66
0991_0043_0034_0049_0049.jpg 1 43 34 49 49
0992_0040_0034_0050_0050.jpg 1 40 34 50 50
0993_0047_0009_0045_0045.jpg 1 47 9 45 45
0994_0040_0009_0037_0037.jpg 1 40 9 37 37
0995_0008_0042_0050_0050.jpg 1 8 42 50 50
0996_0018_0033_0030_0030.jpg 1 18 33 30 30
0997_0010_0045_0039_0039.jpg 1 10 45 39 39
0998_0024_0016_0065_0065.jpg 1 24 16 65 65
0999_0031_0011_0061_0061.jpg 1 31 11 61 61
1000_0022_0021_0068_0068.jpg 1 22 21 68 68
1001_0012_0039_0051_0051.jpg 1 12 39 51 51
1002_0007_0034_0048_0048.jpg 1 7 34 48 48
1003_0042_0024_0039_0039.jpg 1 42 24 39 39
1004_0038_0032_0050_0050.jpg 1 38 32 50 50
1005_0035_0020_0037_0037.jpg 1 35 20 37 37
1006_0008_0026_0048_0048.jpg 1 8 26 48 48
1007_0037_0040_0049_0049.jpg 1 37 40 49 49
1008_0027_0031_0064_0064.jpg 1 27 31 64 64
1009_0022_0015_0058_0058.jpg 1 22 15 58 58
1010_0033_0021_0038_0038.jpg 1 33 21 38 38
1011_0031_0012_0063_0063.jpg 1 31 12 63 63
1012_0008_0013_0056_0056.jpg 1 8 13 56 56
1013_0020_0016_0025_0025.jpg 1 20 16 25 25
1014_0007_0018_0068_0068.jpg 1 7 18 68 68
1015_0005_0009_0062_0062.jpg 1 5 9 62 62
1016_0041_0024_0039_0039.jpg 1 41 24 39 39
1017_0020_0051_0025_0025.jpg 1 20 51 25 25
1018_0016_0026_0054_0054.jpg 1 16 26 54 54
1019_0010_0051_0030_0030.jpg 1 10 51 30 30
1020_0050_0007_0037_0037.jpg 1 50 7 37 37
1021_0031_0008_0046_0046.jpg 1 31 8 46 46
1022_0043_0018_0051_0051.jpg 1 43 18 51 51
1023_0012_0021_0059_0059.jpg 1 12 21 59 59
1024_0009_0013_0066_0066.jpg 1 9 13 66 66
1025_0044_0051_0032_0032.jpg 1 44 51 32 32
1026_0024_0023_0069_0069.jpg 1 24 23 69 69
1027_0030_0026_0063_0063.jpg 1 30 26 63 63
1028_0020_0055_0025_0025.jpg 1 20 55 25 25
1029_0043_0053_0034_0034.jpg 1 43 53 34 34
1030_0028_0025_0057_0057.jpg 1 28 25 57 57
1031_0021_0030_0031_0031.jpg 1 21 30 31 31
1032_0017_0045_0030_0030.jpg 1 17 45 30 30
1033_0022_0044_0034_0034.jpg 1 22 44 34 34
1034_0012_0026_0064_0064.jpg 1 12 26 64 64
1035_0022_0046_0038_0038.jpg 1 22 46 38 38
1036_0033_0008_0028_0028.jpg 1 33 8 28 28
1037_0032_0048_0035_0035.jpg 1 32 48 35 35
1038_0045_0021_0034_0034.jpg 1 45 21 34 34
1039_0033_0008_0052_0052.jpg 1 33 8 52 52
1040_0011_0020_0058_0058.jpg 1 11 20 58 58
1041_0007_0021_0060_0060.jpg 1 7 21 60 60
1042_0026_0030_0062_0062.jpg 1 26 30 62 62
1043_0015_0008_0054_0054.jpg 1 15 8 54 54
1044_0003_0008_0062_0062.jpg 1 3 8 62 62
1045_0032_0050_0043_0043.jpg 1 32 50 43 43
1046_0024_0017_0066_0066.jpg 1 24 17 66 66
1047_0006_0024_0044_0044.jpg 1 6 24 44 44
1048_0008_0060_0032_0032.jpg 1 8 60 32 32
1049_0049_0033_0029_0029.jpg 1 49 33 29 29
1050_0042_0043_0036_0036.jpg 1 42 43 36 36
1051_0031_0033_0039_0039.jpg 1 31 33 39 39
1052_0022_0012_0034_0034.jpg 1 22 12 34 34
1053_0051_0064_0028_0028.jpg 1 51 64 28 28
1054_0044_0016_0041_0041.jpg 1 44 16 41 41
1055_0027_0038_0053_0053.jpg 1 27 38 53 53
1056_0023_0026_0026_0026.jpg 1 23 26 26 26
1057_0033_0005_0051_0051.jpg 1 33 5 51 51
1058_0054_0015_0028_0028.jpg 1 54 15 28 28
1059_0024_0005_0064_0064.jpg 1 24 5 64 64
1060_0025_0030_0036_0036.jpg 1 25 30 36 36
1061_0012_0020_0034_0034.jpg 1 12 20 34 34
1062_0020_0025_0044_0044.jpg 1 20 25 44 44
1063_0053_0028_0027_0027.jpg 1 53 28 27 27
1064_0039_0005_0052_0052.jpg 1 39 5 52 52
1065_0038_0024_0045_0045.jpg 1 38 24 45 45
1066_0020_0007_0056_0056.jpg 1 20 7 56 56
1067_0050_0029_0033_0033.jpg 1 50 29 33 33
1068_0009_0013_0060_0060.jpg 1 9 13 60 60
1069_0040_0036_0054_0054.jpg 1 40 36 54 54
1070_0011_0022_0028_0028.jpg 1 11 22 28 28
1071_0033_0033_0060_0060.jpg 1 33 33 60 60
1072_0013_0048_0025_0025.jpg 1 13 48 25 25
1073_0023_0030_0055_0055.jpg 1 23 30 55 55
1074_0041_0062_0029_0029.jpg 1 41 62 29 29
1075_0006_0030_0049_0049.jpg 1 6 30 49 49
1076_0013_0035_0033_0033.jpg 1 13 35 33 33
1077_0038_0048_0043_0043.jpg 1 38 48 43 43
1078_0006_0041_0043_0043.jpg 1 6 41 43 43
1079_0012_0009_0056_0056.jpg 1 12 9 56 56
1080_0024_0011_0060_0060.jpg 1 24 11 60 60
1081_0041_0030_0040_0040.jpg 1 41 30 40 40
1082_0047_0027_0041_0041.jpg 1 47 27 41 41
1083_0034_0032_0055_0055.jpg 1 34 32 55 55
1084_0046_0053_0025_0025.jpg 1 46 53 25 25
1085_0020_0030_0026_0026.jpg 1 20 30 26 26
1086_0026_0009_0062_0062.jpg 1 26 9 62 62
1087_0034_0009_0039_0039.jpg 1 34 9 39 39
1088_0008_0028_0063_0063.jpg 1 8 28 63 63
1089_0038_0021_0045_0045.jpg 1 38 21 45 45
1090_0029_0013_0035_0035.jpg 1 29 13 35 35
1091_0062_0008_0024_0024.jpg 1 62 8 24 24
1092_0033_0017_0038_0038.jpg 1 33 17 38 38
1093_0027_0023_0047_0047.jpg 1 27 23 47 47
1094_0056_0064_0025_0025.jpg 1 56 64 25 25
1095_0017_0013_0039_0039.jpg 1 17 13 39 39
1096_0031_0052_0037_0037.jpg 1 31 52 37 37
1097_0024_0032_0054_0054.jpg 1 24 32 54 54
1098_0026_0017_0051_0051.jpg 1 26 17 51 51
1099_0012_0047_0045_0045.jpg 1 12 47 45 45
1100_0037_0012_0028_0028.jpg 1 37 12 28 28
1101_0012_0005_0050_0050.jpg 1 12 5 50 50
1102_0034_0008_0040_0040.jpg 1 34 8 40 40
1103_0016_0055_0029_0029.jpg 1 16 55 29 29
1104_0035_0018_0034_0034.jpg 1 35 18 34 34
1105_0015_0036_0025_0025.jpg 1 15 36 25 25
1106_0036_0019_0054_0054.jpg 1 36 19 54 54
1107_0035_0039_0056_0056.jpg 1 35 39 56 56
1108_0023_0028_0060_0060.jpg 1 23 28 60 60
1109_0048_0027_0026_0026.jpg 1 48 27 26 26
1110_0009_0013_0048_0048.jpg 1 9 13 48 48
1111_0019_0007_0061_0061.jpg 1 19 7 61 61
1112_0040_0058_0032_0032.jpg 1 40 58 32 32
1113_0046_0055_0027_0027.jpg 1 46 55 27 27
1114_0043_0032_0039_0039.jpg 1 43 32 39 39
1115_0016_0035_0058_0058.jpg 1 16 35 58 58
1116_0029_0018_0035_0035.jpg 1 29 18 35 35
1117_0035_0057_0033_0033.jpg 1 35 57 33 33
1118_0051_0008_0033_0033.jpg 1 51 8 33 33
1119_0054_0037_0038_0038.jpg 1 54 37 38 38
1120_0017_0050_0033_0033.jpg 1 17 50 33 33
1121_0028_0006_0033_0033.jpg 1 28 6 33 33
1122_0011_0008_0057_0057.jpg 1 11 8 57 57
1123_0008_0037_0056_0056.jpg 1 8 37 56 56
1124_0029_0016_0043_0043.jpg 1 29 16 43 43
1125_0027_0018_0041_0041.jpg 1 27 18 41 41
1126_0022_0028_0068_0068.jpg 1 22 28 68 68
1127_0033_0018_0061_0061.jpg 1 33 18 61 61
1128_0027_0029_0064_0064.jpg 1 27 29 64 64
1129_0023_0038_0037_0037.jpg 1 23 38 37 37
1130_0012_0047_0044_0044.jpg 1 12 47 44 44
1131_0046_0032_0048_0048.jpg 1 46 32 48 48
1132_0020_0018_0066_0066.jpg 1 20 18 66 66
1133_0051_0046_0032_0032.jpg 1 51 46 32 32
1134_0057_0014_0024_0024.jpg 1 57 14 24 24
1135_0037_0023_0033_0033.jpg 1 37 23 33 33
1136_0026_0016_0049_0049.jpg 1 26 16 49 49
1137_0005_0021_0048_0048.jpg 1 5 21 48 48
1138_0055_0043_0036_0036.jpg 1 55 43 36 36
1139_0032_0046_0035_0035.jpg 1 32 46 35 35
1140_0057_0019_0031_0031.jpg 1 57 19 31 31
1141_0015_0021_0027_0027.jpg 1 15 21 27 27
1142_0022_0034_0057_0057.jpg 1 22 34 57 57
1143_0023_0046_0025_0025.jpg 1 23 46 25 25
1144_0011_0019_0063_0063.jpg 1 11 19 63 63
1145_0015_0026_0047_0047.jpg 1 15 26 47 47
1146_0005_0026_0064_0064.jpg 1 5 26 64 64
1147_0012_0023_0039_0039.jpg 1 12 23 39 39
1148_0036_0039_0037_0037.jpg 1 36 39 37 37
1149_0049_0052_0040_0040.jpg 1 49 52 40 40
1150_0006_0023_0068_0068.jpg 1 6 23 68 68
1151_0027_0011_0069_0069.jpg 1 27 11 69 69
1152_0013_0061_0028_0028.jpg 1 13 61 28 28
1153_0026_0019_0058_0058.jpg 1 26 19 58 58
1154_0048_0011_0025_0025.jpg 1 48 11 25 25
1155_0029_0043_0051_0051.jpg 1 29 43 51 51
1156_0031_0025_0028_0028.jpg 1 31 25 28 28
1157_0036_0009_0045_0045.jpg 1 36 9 45 45
1158_0017_0016_0068_0068.jpg 1 17 16 68 68
1159_0031_0032_0061_0061.jpg 1 31 32 61 61
1160_0011_0034_0026_0026.jpg 1 11 34 26 26
1161_0015_0042_0030_0030.jpg 1 15 42 30 30
1162_0005_0024_0066_0066.jpg 1 5 24 66 66
1163_0029_0035_0046_0046.jpg 1 29 35 46 46
1164_0005_0013_0061_0061.jpg 1 5 13 61 61
1165_0027_0034_0044_0044.jpg 1 27 34 44 44
1166_0011_0029_0055_0055.jpg 1 11 29 55 55
1167_0005_0016_0046_0046.jpg 1 5 16 46 46
1168_0006_0018_0067_0067.jpg 1 6 18 67 67
1169_0039_0009_0052_0052.jpg 1 39 9 52 52
1170_0013_0035_0046_0046.jpg 1 13 35 46 46
1171_0023_0039_0049_0049.jpg 1 23 39 49 49
1172_0041_0010_0040_0040.jpg 1 41 10 40 40
1173_0023_0032_0059_0059.jpg 1 23 32 59 59
1174_0008_0023_0054_0054.jpg 1 8 23 54 54
1175_0016_0061_0029_0029.jpg 1 16 61 29 29
1176_0015_0046_0047_0047.jpg 1 15 46 47 47
1177_0025_0026_0056_0056.jpg 1 25 26 56 56
1178_0013_0012_0065_0065.jpg 1 13 12 65 65
1179_0023_0014_0062_0062.jpg 1 23 14 62 62
1180_0050_0037_0034_0034.jpg 1 50 37 34 34
1181_0036_0026_0034_0034.jpg 1 36 26 34 34
1182_0061_0009_0029_0029.jpg 1 61 9 29 29
1183_0029_0018_0061_0061.jpg 1 29 18 61 61
1184_0006_0045_0046_0046.jpg 1 6 45 46 46
1185_0028_0058_0034_0034.jpg 1 28 58 34 34
1186_0040_0014_0031_0031.jpg 1 40 14 31 31
1187_0020_0018_0048_0048.jpg 1 20 18 48 48
1188_0035_0018_0060_0060.jpg 1 35 18 60 60
1189_0034_0036_0031_0031.jpg 1 34 36 31 31
1190_0008_0058_0033_0033.jpg 1 8 58 33 33
1191_0025_0010_0034_0034.jpg 1 25 10 34 34
1192_0015_0028_0066_0066.jpg 1 15 28 66 66
1193_0042_0057_0026_0026.jpg 1 42 57 26 26
1194_0048_0041_0046_0046.jpg 1 48 41 46 46
1195_0018_0010_0047_0047.jpg 1 18 10 47 47
1196_0037_0037_0045_0045.jpg 1 37 37 45 45
1197_0018_0043_0045_0045.jpg 1 18 43 45 45
1198_0015_0010_0064_0064.jpg 1 15 10 64 64
1199_0006_0006_0059_0059.jpg 1 6 6 59 59
1200_0008_0017_0045_0045.jpg 1 8 17 45 45
1201_0041_0033_0042_0042.jpg 1 41 33 42 42
1202_0048_0007_0030_0030.jpg 1 48 7 30 30
1203_0044_0028_0049_0049.jpg 1 44 28 49 49
1204_0010_0017_0059_0059.jpg 1 10 17 59 59
1205_0011_0018_0033_0033.jpg 1 11 18 33 33
1206_0043_0033_0026_0026.jpg 1 43 33 26 26
1207_0021_0049_0036_0036.jpg 1 21 49 36 36
1208_0018_0015_0067_0067.jpg 1 18 15 67 67
1209_0034_0015_0056_0056.jpg 1 34 15 56 56
1210_0014_0026_0069_0069.jpg 1 14 26 69 69
1211_0011_0008_0040_0040.jpg 1 11 8 40 40
1212_0049_0054_0033_0033.jpg 1 49 54 33 33
1213_0006_0004_0067_0067.jpg 1 6 4 67 67
1214_0023_0006_0038_0038.jpg 1 23 6 38 38
1215_0010_0009_0066_0066.jpg 1 10 9 66 66
1216_0026_0020_0042_0042.jpg 1 26 20 42 42
1217_0008_0014_0026_0026.jpg 1 8 14 26 26
1218_0013_0007_0064_0064.jpg 1 13 7 64 64
1219_0015_0006_0055_0055.jpg 1 15 6 55 55
1220_0044_0032_0041_0041.jpg 1 44 32 41 41
1221_0027_0019_0062_0062.jpg 1 27 19 62 62
1222_0004_0013_0068_0068.jpg 1 4 13 68 68
1223_0017_0024_0055_0055.jpg 1 17 24 55 55
1224_0058_0017_0030_0030.jpg 1 58 17 30 30
1225_0016_0061_0029_0029.jpg 1 16 61 29 29
1226_0052_0022_0040_0040.jpg 1 52 22 40 40
1227_0021_0019_0069_0069.jpg 1 21 19 69 69
1228_0036_0029_0037_0037.jpg 1 36 29 37 37
1229_0056_0058_0033_0033.jpg 1 56 58 33 33
1230_0058_0060_0030_0030.jpg 1 58 60 30 30
1231_0030_0036_0026_0026.jpg 1 30 36 26 26
1232_0039_0007_0049_0049.jpg 1 39 7 49 49
1233_0006_0043_0044_0044.jpg 1 6 43 44 44
1234_0007_0024_0053_0053.jpg 1 7 24 53 53
1235_0016_0026_0027_0027.jpg 1 16 26 27 27
1236_0016_0040_0054_0054.jpg 1 16 40 54 54
1237_0012_0038_0042_0042.jpg 1 12 38 42 42
1238_0008_0019_0049_0049.jpg 1 8 19 49 49
1239_0054_0030_0035_0035.jpg 1 54 30 35 35
1240_0023_0011_0052_0052.jpg 1 23 11 52 52
1241_0025_0050_0024_0024.jpg 1 25 50 24 24
1242_0033_0014_0056_0056.jpg 1 33 14 56 56
1243_0064_0059_0027_0027.jpg 1 64 59 27 27
1244_0033_0018_0061_0061.jpg 1 33 18 61 61
1245_0031_0021_0049_0049.jpg 1 31 21 49 49
1246_0047_0017_0040_0040.jpg 1 47 17 40 40
1247_0012_0017_0049_0049.jpg 1 12 17 49 49
1248_0045_0046_0034_0034.jpg 1 45 46 34 34
1249_0018_0013_0066_0066.jpg 1 18 13 66 66
1250_0022_0010_0062_0062.jpg 1 22 10 62 62
1251_0014_0022_0066_0066.jpg 1 14 22 66 66
1252_0011_0039_0048_0048.jpg 1 11 39 48 48
1253_0044_0047_0040_0040.jpg 1 44 47 40 40
1254_0051_0051_0042_0042.jpg 1 51 51 42 42
1255_0026_0006_0033_0033.jpg 1 26 6 33 33
1256_0008_0009_0054_0054.jpg 1 8 9 54 54
1257_0021_0038_0051_0051.jpg 1 21 38 51 51
1258_0011_0023_0065_0065.jpg 1 11 23 65 65
1259_0008_0030_0064_0064.jpg 1 8 30 64 64
1260_0037_0006_0040_0040.jpg 1 37 6 40 40
1261_0025_0023_0032_0032.jpg 1 25 23 32 32
1262_0032_0007_0058_0058.jpg 1 32 7 58 58
1263_0035_0010_0055_0055.jpg 1 35 10 55 55
1264_0021_0033_0059_0059.jpg 1 21 33 59 59
1265_0021_0017_0027_0027.jpg 1 21 17 27 27
1266_0007_0042_0044_0044.jpg 1 7 42 44 44
1267_0024_0037_0035_0035.jpg 1 24 37 35 35
1268_0010_0013_0063_0063.jpg 1 10 13 63 63
1269_0015_0011_0063_0063.jpg 1 15 11 63 63
1270_0012_0033_0051_0051.jpg 1 12 33 51 51
1271_0022_0024_0034_0034.jpg 1 22 24 34 34
1272_0017_0013_0069_0069.jpg 1 17 13 69 69
1273_0035_0040_0035_0035.jpg 1 35 40 35 35
1274_0014_0044_0050_0050.jpg 1 14 44 50 50
1275_0007_0017_0044_0044.jpg 1 7 17 44 44
1276_0058_0026_0033_0033.jpg 1 58 26 33 33
1277_0034_0035_0048_0048.jpg 1 34 35 48 48
1278_0018_0007_0065_0065.jpg 1 18 7 65 65
1279_0027_0014_0052_0052.jpg 1 27 14 52 52
1280_0020_0005_0063_0063.jpg 1 20 5 63 63
1281_0033_0067_0024_0024.jpg 1 33 67 24 24
1282_0029_0007_0028_0028.jpg 1 29 7 28 28
1283_0042_0028_0041_0041.jpg 1 42 28 41 41
1284_0023_0014_0024_0024.jpg 1 23 14 24 24
1285_0015_0040_0049_0049.jpg 1 15 40 49 49
1286_0025_0005_0051_0051.jpg 1 25 5 51 51
1287_0058_0017_0033_0033.jpg 1 58 17 33 33
1288_0009_0051_0025_0025.jpg 1 9 51 25 25
1289_0023_0016_0063_0063.jpg 1 23 16 63 63
1290_0041_0030_0054_0054.jpg 1 41 30 54 54
1291_0030_0008_0063_0063.jpg 1 30 8 63 63
1292_0041_0042_0040_0040.jpg 1 41 42 40 40
1293_0016_0027_0064_0064.jpg 1 16 27 64 64
1294_0036_0018_0056_0056.jpg 1 36 18 56 56
1295_0016_0025_0039_0039.jpg 1 16 25 39 39
1296_0003_0027_0069_0069.jpg 1 3 27 69 69
1297_0036_0008_0057_0057.jpg 1 36 8 57 57
1298_0027_0034_0033_0033.jpg 1 27 34 33 33
1299_0035_0055_0028_0028.jpg 1 35 55 28 28
1300_0027_0021_0062_0062.jpg 1 27 21 62 62
1301_0021_0014_0048_0048.jpg 1 21 14 48 48
1302_0017_0050_0038_0038.jpg 1 17 50 38 38
1303_0029_0024_0045_0045.jpg 1 29 24 45 45
1304_0037_0028_0056_0056.jpg 1 37 28 56 56
1305_0008_0011_0069_0069.jpg 1 8 11 69 69
1306_0050_0036_0044_0044.jpg 1 50 36 44 44
1307_0016_0015_0056_0056.jpg 1 16 15 56 56
1308_0044_0010_0042_0042.jpg 1 44 10 42 42
1309_0019_0016_0040_0040.jpg 1 19 16 40 40
1310_0028_0019_0025_0025.jpg 1 28 19 25 25
1311_0060_0038_0028_0028.jpg 1 60 38 28 28
1312_0028_0024_0049_0049.jpg 1 28 24 49 49
1313_0039_0040_0041_0041.jpg 1 39 40 41 41
1314_0033_0008_0035_0035.jpg 1 33 8 35 35
1315_0028_0033_0035_0035.jpg 1 28 33 35 35
1316_0008_0034_0032_0032.jpg 1 8 34 32 32
1317_0046_0011_0034_0034.jpg 1 46 11 34 34
1318_0021_0019_0057_0057.jpg 1 21 19 57 57
1319_0010_0026_0049_0049.jpg 1 10 26 49 49
1320_0013_0022_0051_0051.jpg 1 13 22 51 51
1321_0032_0032_0046_0046.jpg 1 32 32 46 46
1322_0032_0030_0049_0049.jpg 1 32 30 49 49
1323_0004_0006_0069_0069.jpg 1 4 6 69 69
1324_0039_0031_0055_0055.jpg 1 39 31 55 55
1325_0041_0014_0028_0028.jpg 1 41 14 28 28
1326_0025_0041_0049_0049.jpg 1 25 41 49 49
1327_0011_0049_0035_0035.jpg 1 11 49 35 35
1328_0039_0016_0047_0047.jpg 1 39 16 47 47
1329_0044_0030_0050_0050.jpg 1 44 30 50 50
1330_0042_0047_0040_0040.jpg 1 42 47 40 40
1331_0023_0007_0060_0060.jpg 1 23 7 60 60
1332_0021_0023_0065_0065.jpg 1 21 23 65 65
1333_0034_0055_0036_0036.jpg 1 34 55 36 36
1334_0023_0010_0037_0037.jpg 1 23 10 37 37
1335_0011_0063_0029_0029.jpg 1 11 63 29 29
1336_0038_0036_0044_0044.jpg 1 38 36 44 44
1337_0040_0014_0050_0050.jpg 1 40 14 50 50
1338_0011_0019_0060_0060.jpg 1 11 19 60 60
1339_0019_0055_0035_0035.jpg 1 19 55 35 35
1340_0008_0017_0056_0056.jpg 1 8 17 56 56
1341_0031_0049_0036_0036.jpg 1 31 49 36 36
1342_0034_0034_0046_0046.jpg 1 34 34 46 46
1343_0033_0027_0028_0028.jpg 1 33 27 28 28
1344_0042_0023_0052_0052.jpg 1 42 23 52 52
1345_0033_0023_0048_0048.jpg 1 33 23 48 48
1346_0041_0009_0051_0051.jpg 1 41 9 51 51
1347_0031_0023_0050_0050.jpg 1 31 23 50 50
1348_0011_0011_0064_0064.jpg 1 11 11 64 64
1349_0038_0010_0033_0033.jpg 1 38 10 33 33
1350_0009_0009_0051_0051.jpg 1 9 9 51 51
1351_0012_0021_0055_0055.jpg 1 12 21 55 55
1352_0015_0026_0030_0030.jpg 1 15 26 30 30
1353_0038_0041_0034_0034.jpg 1 38 41 34 34
1354_0019_0032_0063_0063.jpg 1 19 32 63 63
1355_0010_0016_0064_0064.jpg 1 10 16 64 64
1356_0042_0013_0024_0024.jpg 1 42 13 24 24
1357_0049_0028_0041_0041.jpg 1 49 28 41 41
1358_0007_0020_0064_0064.jpg 1 7 20 64 64
1359_0028_0029_0067_0067.jpg 1 28 29 67 67
1360_0029_0024_0046_0046.jpg 1 29 24 46 46
1361_0040_0030_0053_0053.jpg 1 40 30 53 53
1362_0014_0021_0047_0047.jpg 1 14 21 47 47
1363_0010_0026_0058_0058.jpg 1 10 26 58 58
1364_0035_0051_0031_0031.jpg 1 35 51 31 31
1365_0010_0005_0053_0053.jpg 1 10 5 53 53
1366_0046_0041_0045_0045.jpg 1 46 41 45 45
1367_0048_0014_0044_0044.jpg 1 48 14 44 44
1368_0033_0028_0054_0054.jpg 1 33 28 54 54
1369_0040_0020_0037_0037.jpg 1 40 20 37 37
1370_0061_0017_0026_0026.jpg 1 61 17 26 26
1371_0010_0030_0035_0035.jpg 1 10 30 35 35
1372_0014_0044_0038_0038.jpg 1 14 44 38 38
1373_0057_0048_0034_0034.jpg 1 57 48 34 34
1374_0005_0030_0065_0065.jpg 1 5 30 65 65
1375_0025_0046_0036_0036.jpg 1 25 46 36 36
1376_0038_0038_0041_0041.jpg 1 38 38 41 41
1377_0028_0013_0047_0047.jpg 1 28 13 47 47
1378_0032_0025_0063_0063.jpg 1 32 25 63 63
1379_0017_0012_0047_0047.jpg 1 17 12 47 47
1380_0041_0038_0042_0042.jpg 1 41 38 42 42
1381_0028_0012_0060_0060.jpg 1 28 12 60 60
1382_0016_0035_0060_0060.jpg 1 16 35 60 60
1383_0014_0010_0064_0064.jpg 1 14 10 64 64
1384_0024_0020_0068_0068.jpg 1 24 20 68 68
1385_0038_0008_0057_0057.jpg 1 38 8 57 57
1386_0047_0024_0038_0038.jpg 1 47 24 38 38
1387_0037_0013_0050_0050.jpg 1 37 13 50 50
1388_0020_0040_0034_0034.jpg 1 20 40 34 34
1389_0028_0024_0064_0064.jpg 1 28 24 64 64
1390_0005_0016_0059_0059.jpg 1 5 16 59 59
1391_0041_0037_0046_0046.jpg 1 41 37 46 46
1392_0043_0006_0042_0042.jpg 1 43 6 42 42
1393_0034_0033_0049_0049.jpg 1 34 33 49 49
1394_0035_0015_0060_0060.jpg 1 35 15 60 60
1395_0007_0023_0041_0041.jpg 1 7 23 41 41
1396_0023_0044_0031_0031.jpg 1 23 44 31 31
1397_0046_0026_0044_0044.jpg 1 46 26 44 44
1398_0027_0033_0061_0061.jpg 1 27 33 61 61
1399_0025_0035_0052_0052.jpg 1 25 35 52 52
1400_0026_0012_0055_0055.jpg 1 26 12 55 55
1401_0066_0033_0024_0024.jpg 1 66 33 24 24
1402_0016_0006_0068_0068.jpg 1 16 6 68 68
1403_0041_0013_0040_0040.jpg 1 41 13 40 40
1404_0043_0014_0047_0047.jpg 1 43 14 47 47
1405_0018_0023_0065_0065.jpg 1 18 23 65 65
1406_0032_0025_0062_0062.jpg 1 32 25 62 62
1407_0036_0027_0058_0058.jpg 1 36 27 58 58
1408_0006_0023_0052_0052.jpg 1 6 23 52 52
1409_0003_0006_0068_0068.jpg 1 3 6 68 68
1410_0013_0006_0066_0066.jpg 1 13 6 66 66
1411_0018_0010_0059_0059.jpg 1 18 10 59 59
1412_0006_0043_0046_0046.jpg 1 6 43 46 46
1413_0047_0007_0034_0034.jpg 1 47 7 34 34
1414_0010_0019_0067_0067.jpg 1 10 19 67 67
1415_0021_0036_0052_0052.jpg 1 21 36 52 52
1416_0015_0010_0041_0041.jpg 1 15 10 41 41
1417_0014_0013_0035_0035.jpg 1 14 13 35 35
1418_0040_0048_0046_0046.jpg 1 40 48 46 46
1419_0015_0018_0035_0035.jpg 1 15 18 35 35
1420_0021_0018_0052_0052.jpg 1 21 18 52 52
1421_0032_0020_0050_0050.jpg 1 32 20 50 50
1422_0022_0022_0038_0038.jpg 1 22 22 38 38
1423_0009_0036_0047_0047.jpg 1 9 36 47 47
1424_0055_0066_0025_0025.jpg 1 55 66 25 25
1425_0023_0056_0026_0026.jpg 1 23 56 26 26
1426_0028_0016_0041_0041.jpg 1 28 16 41 41
1427_0018_0066_0025_0025.jpg 1 18 66 25 25
1428_0008_0035_0044_0044.jpg 1 8 35 44 44
1429_0014_0015_0052_0052.jpg 1 14 15 52 52
1430_0043_0014_0044_0044.jpg 1 43 14 44 44
1431_0020_0025_0054_0054.jpg 1 20 25 54 54
1432_0044_0058_0034_0034.jpg 1 44 58 34 34
1433_0007_0024_0059_0059.jpg 1 7 24 59 59
1434_0015_0016_0069_0069.jpg 1 15 16 69 69
1435_0037_0019_0055_0055.jpg 1 37 19 55 55
1436_0023_0040_0026_0026.jpg 1 23 40 26 26
1437_0023_0012_0055_0055.jpg 1 23 12 55 55
1438_0030_0019_0066_0066.jpg 1 30 19 66 66
1439_0006_0027_0063_0063.jpg 1 6 27 63 63
1440_0029_0028_0052_0052.jpg 1 29 28 52 52
1441_0027_0019_0056_0056.jpg 1 27 19 56 56
1442_0018_0006_0067_0067.jpg 1 18 6 67 67
1443_0019_0007_0064_0064.jpg 1 19 7 64 64
1444_0035_0039_0052_0052.jpg 1 35 39 52 52
1445_0025_0011_0032_0032.jpg 1 25 11 32 32
1446_0014_0031_0026_0026.jpg 1 14 31 26 26
1447_0010_0005_0048_0048.jpg 1 10 5 48 48
1448_0044_0044_0027_0027.jpg 1 44 44 27 27
1449_0031_0048_0031_0031.jpg 1 31 48 31 31
1450_0016_0050_0029_0029.jpg 1 16 50 29 29
1451_0019_0047_0046_0046.jpg 1 19 47 46 46
1452_0035_0007_0033_0033.jpg 1 35 7 33 33
1453_0028_0028_0040_0040.jpg 1 28 28 40 40
1454_0037_0013_0039_0039.jpg 1 37 13 39 39
1455_0024_0012_0069_0069.jpg 1 24 12 69 69
1456_0036_0019_0034_0034.jpg 1 36 19 34 34
1457_0018_0008_0058_0058.jpg 1 18 8 58 58
1458_0032_0005_0060_0060.jpg 1 32 5 60 60
1459_0028_0023_0058_0058.jpg 1 28 23 58 58
1460_0026_0041_0035_0035.jpg 1 26 41 35 35
1461_0016_0023_0066_0066.jpg 1 16 23 66 66
1462_0063_0042_0025_0025.jpg 1 63 42 25 25
1463_0028_0018_0062_0062.jpg 1 28 18 62 62
1464_0009_0055_0031_0031.jpg 1 9 55 31 31
1465_0030_0040_0038_0038.jpg 1 30 40 38 38
1466_0045_0019_0030_0030.jpg 1 45 19 30 30
1467_0025_0019_0052_0052.jpg 1 25 19 52 52
1468_0038_0025_0048_0048.jpg 1 38 25 48 48
1469_0014_0037_0043_0043.jpg 1 14 37 43 43
1470_0041_0064_0028_0028.jpg 1 41 64 28 28
1471_0024_0009_0068_0068.jpg 1 24 9 68 68
1472_0035_0038_0055_0055.jpg 1 35 38 55 55
1473_0030_0034_0054_0054.jpg 1 30 34 54 54
1474_0036_0040_0042_0042.jpg 1 36 40 42 42
1475_0010_0050_0029_0029.jpg 1 10 50 29 29
1476_0008_0024_0056_0056.jpg 1 8 24 56 56
1477_0040_0035_0045_0045.jpg 1 40 35 45 45
1478_0055_0032_0024_0024.jpg 1 55 32 24 24
1479_0019_0005_0064_0064.jpg 1 19 5 64 64
1480_0037_0027_0040_0040.jpg 1 37 27 40 40
1481_0023_0028_0068_0068.jpg 1 23 28 68 68
1482_0054_0008_0028_0028.jpg 1 54 8 28 28
1483_0016_0005_0047_0047.jpg 1 16 5 47 47
1484_0026_0025_0061_0061.jpg 1 26 25 61 61
1485_0039_0025_0037_0037.jpg 1 39 25 37 37
1486_0006_0018_0062_0062.jpg 1 6 18 62 62
1487_0028_0045_0048_0048.jpg 1 28 45 48 48
1488_0022_0037_0055_0055.jpg 1 22 37 55 55
1489_0055_0019_0031_0031.jpg 1 55 19 31 31
1490_0021_0022_0027_0027.jpg 1 21 22 27 27
1491_0019_0025_0057_0057.jpg 1 19 25 57 57
1492_0046_0006_0047_0047.jpg 1 46 6 47 47
1493_0024_0014_0066_0066.jpg 1 24 14 66 66
1494_0005_0009_0052_0052.jpg 1 5 9 52 52
1495_0032_0029_0033_0033.jpg 1 32 29 33 33
1496_0022_0059_0034_0034.jpg 1 22 59 34 34
1497_0037_0006_0055_0055.jpg 1 37 6 55 55
1498_0041_0049_0029_0029.jpg 1 41 49 29 29
1499_0017_0011_0067_0067.jpg 1 17 11 67 67
1500_0044_0009_0050_0050.jpg 1 44 9 50 50
1501_0008_0027_0034_0034.jpg 1 8 27 34 34
1502_0008_0012_0067_0067.jpg 1 8 12 67 67
1503_0027_0039_0035_0035.jpg 1 27 39 35 35
1504_0030_0027_0049_0049.jpg 1 30 27 49 49
1505_0029_0016_0053_0053.jpg 1 29 16 53 53
1506_0007_0027_0053_0053.jpg 1 7 27 53 53
1507_0046_0063_0029_0029.jpg 1 46 63 29 29
1508_0025_0014_0066_0066.jpg 1 25 14 66 66
1509_0028_0007_0066_0066.jpg 1 28 7 66 66
1510_0015_0026_0057_0057.jpg 1 15 26 57 57
1511_0033_0007_0056_0056.jpg 1 33 7 56 56
1512_0019_0006_0065_0065.jpg 1 19 6 65 65
1513_0015_0042_0048_0048.jpg 1 15 42 48 48
1514_0044_0039_0036_0036.jpg 1 44 39 36 36
1515_0055_0008_0025_0025.jpg 1 55 8 25 25
1516_0028_0017_0052_0052.jpg 1 28 17 52 52
1517_0044_0046_0038_0038.jpg 1 44 46 38 38
1518_0026_0027_0046_0046.jpg 1 26 27 46 46
1519_0005_0041_0042_0042.jpg 1 5 41 42 42
1520_0030_0026_0043_0043.jpg 1 30 26 43 43
1521_0031_0012_0041_0041.jpg 1 31 12 41 41
1522_0014_0038_0029_0029.jpg 1 14 38 29 29
1523_0023_0021_0037_0037.jpg 1 23 21 37 37
1524_0014_0035_0055_0055.jpg 1 14 35 55 55
1525_0034_0011_0040_0040.jpg 1 34 11 40 40
1526_0007_0003_0069_0069.jpg 1 7 3 69 69
1527_0042_0005_0051_0051.jpg 1 42 5 51 51
1528_0031_0034_0053_0053.jpg 1 31 34 53 53
1529_0039_0047_0029_0029.jpg 1 39 47 29 29
1530_0030_0035_0052_0052.jpg 1 30 35 52 52
1531_0049_0022_0044_0044.jpg 1 49 22 44 44
1532_0039_0018_0047_0047.jpg 1 39 18 47 47
1533_0008_0005_0059_0059.jpg 1 8 5 59 59
1534_0038_0012_0027_0027.jpg 1 38 12 27 27
1535_0038_0011_0036_0036.jpg 1 38 11 36 36
1536_0045_0036_0035_0035.jpg 1 45 36 35 35
1537_0050_0041_0024_0024.jpg 1 50 41 24 24
1538_0022_0007_0044_0044.jpg 1 22 7 44 44
1539_0027_0064_0024_0024.jpg 1 27 64 24 24
1540_0008_0028_0063_0063.jpg 1 8 28 63 63
1541_0057_0060_0026_0026.jpg 1 57 60 26 26
1542_0011_0031_0047_0047.jpg 1 11 31 47 47
1543_0049_0065_0024_0024.jpg 1 49 65 24 24
1544_0038_0040_0040_0040.jpg 1 38 40 40 40
1545_0009_0063_0026_0026.jpg 1 9 63 26 26
1546_0033_0008_0059_0059.jpg 1 33 8 59 59
1547_0059_0024_0032_0032.jpg 1 59 24 32 32
1548_0029_0016_0044_0044.jpg 1 29 16 44 44
1549_0007_0028_0039_0039.jpg 1 7 28 39 39
1550_0049_0020_0041_0041.jpg 1 49 20 41 41
1551_0017_0016_0060_0060.jpg 1 17 16 60 60
1552_0047_0023_0042_0042.jpg 1 47 23 42 42
1553_0063_0046_0027_0027.jpg 1 63 46 27 27
1554_0021_0023_0051_0051.jpg 1 21 23 51 51
1555_0042_0046_0041_0041.jpg 1 42 46 41 41
1556_0023_0029_0062_0062.jpg 1 23 29 62 62
1557_0025_0007_0025_0025.jpg 1 25 7 25 25
1558_0037_0039_0055_0055.jpg 1 37 39 55 55
1559_0047_0049_0042_0042.jpg 1 47 49 42 42
1560_0056_0019_0027_0027.jpg 1 56 19 27 27
1561_0019_0026_0051_0051.jpg 1 19 26 51 51
1562_0029_0011_0038_0038.jpg 1 29 11 38 38
1563_0043_0058_0024_0024.jpg 1 43 58 24 24
1564_0067_0060_0024_0024.jpg 1 67 60 24 24
1565_0032_0021_0029_0029.jpg 1 32 21 29 29
1566_0032_0024_0024_0024.jpg 1 32 24 24 24
1567_0017_0022_0050_0050.jpg 1 17 22 50 50
1568_0007_0055_0030_0030.jpg 1 7 55 30 30
1569_0023_0044_0025_0025.jpg 1 23 44 25 25
1570_0030_0014_0051_0051.jpg 1 30 14 51 51
1571_0008_0018_0058_0058.jpg 1 8 18 58 58
1572_0036_0031_0049_0049.jpg 1 36 31 49 49
1573_0033_0007_0050_0050.jpg 1 33 7 50 50
1574_0018_0029_0054_0054.jpg 1 18 29 54 54
1575_0041_0033_0051_0051.jpg 1 41 33 51 51
1576_0010_0051_0026_0026.jpg 1 10 51 26 26
1577_0015_0009_0037_0037.jpg 1 15 9 37 37
1578_0030_0014_0062_0062.jpg 1 30 14 62 62
1579_0027_0017_0065_0065.jpg 1 27 17 65 65
1580_0045_0048_0043_0043.jpg 1 45 48 43 43
1581_0015_0057_0032_0032.jpg 1 15 57 32 32
1582_0011_0037_0046_0046.jpg 1 11 37 46 46
1583_0010_0035_0055_0055.jpg 1 10 35 55 55
1584_0028_0028_0065_0065.jpg 1 28 28 65 65
1585_0048_0061_0028_0028.jpg 1 48 61 28 28
1586_0037_0028_0029_0029.jpg 1 37 28 29 29
1587_0015_0036_0041_0041.jpg 1 15 36 41 41
1588_0041_0018_0035_0035.jpg 1 41 18 35 35
1589_0039_0066_0025_0025.jpg 1 39 66 25 25
1590_0039_0027_0049_0049.jpg 1 39 27 49 49
1591_0019_0024_0038_0038.jpg 1 19 24 38 38
1592_0043_0005_0051_0051.jpg 1 43 5 51 51
1593_0023_0025_0057_0057.jpg 1 23 25 57 57
1594_0024_0038_0056_0056.jpg 1 24 38 56 56
1595_0039_0026_0046_0046.jpg 1 39 26 46 46
1596_0021_0030_0053_0053.jpg 1 21 30 53 53
1597_0044_0007_0036_0036.jpg 1 44 7 36 36
1598_0038_0019_0043_0043.jpg 1 38 19 43 43
1599_0004_0012_0053_0053.jpg 1 4 12 53 53
1600_0028_0014_0063_0063.jpg 1 28 14 63 63
1601_0045_0039_0045_0045.jpg 1 45 39 45 45
1602_0038_0007_0039_0039.jpg 1 38 7 39 39
1603_0016_0039_0049_0049.jpg 1 16 39 49 49
1604_0054_0042_0036_0036.jpg 1 54 42 36 36
1605_0023_0029_0048_0048.jpg 1 23 29 48 48
1606_0031_0044_0048_0048.jpg 1 31 44 48 48
1607_0007_0010_0067_0067.jpg 1 7 10 67 67
1608_0031_0006_0055_0055.jpg 1 31 6 55 55
1609_0026_0018_0039_0039.jpg 1 26 18 39 39
1610_0021_0011_0048_0048.jpg 1 21 11 48 48
1611_0004_0021_0060_0060.jpg 1 4 21 60 60
1612_0025_0050_0026_0026.jpg 1 25 50 26 26
1613_0014_0027_0048_0048.jpg 1 14 27 48 48
1614_0018_0013_0052_0052.jpg 1 18 13 52 52
1615_0017_0036_0056_0056.jpg 1 17 36 56 56
1616_0027_0017_0069_0069.jpg 1 27 17 69 69
1617_0033_0038_0037_0037.jpg 1 33 38 37 37
1618_0018_0032_0045_0045.jpg 1 18 32 45 45
1619_0015_0036_0027_0027.jpg 1 15 36 27 27
1620_0040_0016_0030_0030.jpg 1 40 16 30 30
1621_0035_0028_0054_0054.jpg 1 35 28 54 54
1622_0035_0046_0038_0038.jpg 1 35 46 38 38
1623_0007_0026_0062_0062.jpg 1 7 26 62 62
1624_0011_0005_0049_0049.jpg 1 11 5 49 49
1625_0005_0003_0065_0065.jpg 1 5 3 65 65
1626_0029_0005_0062_0062.jpg 1 29 5 62 62
1627_0018_0006_0069_0069.jpg 1 18 6 69 69
1628_0003_0004_0065_0065.jpg 1 3 4 65 65
1629_0042_0012_0050_0050.jpg 1 42 12 50 50
1630_0033_0007_0062_0062.jpg 1 33 7 62 62
1631_0019_0042_0029_0029.jpg 1 19 42 29 29
1632_0012_0061_0026_0026.jpg 1 12 61 26 26
1633_0041_0018_0045_0045.jpg 1 41 18 45 45
1634_0012_0024_0024_0024.jpg 1 12 24 24 24
1635_0011_0025_0056_0056.jpg 1 11 25 56 56
1636_0051_0017_0043_0043.jpg 1 51 17 43 43
1637_0018_0006_0046_0046.jpg 1 18 6 46 46
1638_0025_0046_0045_0045.jpg 1 25 46 45 45
1639_0046_0036_0031_0031.jpg 1 46 36 31 31
1640_0055_0045_0029_0029.jpg 1 55 45 29 29
1641_0035_0026_0046_0046.jpg 1 35 26 46 46
1642_0022_0011_0050_0050.jpg 1 22 11 50 50
1643_0007_0041_0048_0048.jpg 1 7 41 48 48
1644_0010_0054_0036_0036.jpg 1 10 54 36 36
1645_0028_0005_0065_0065.jpg 1 28 5 65 65
1646_0022_0037_0037_0037.jpg 1 22 37 37 37
1647_0016_0015_0037_0037.jpg 1 16 15 37 37
1648_0017_0024_0038_0038.jpg 1 17 24 38 38
1649_0053_0018_0039_0039.jpg 1 53 18 39 39
1650_0024_0031_0047_0047.jpg 1 24 31 47 47
1651_0005_0005_0065_0065.jpg 1 5 5 65 65
1652_0010_0013_0056_0056.jpg 1 10 13 56 56
1653_0054_0049_0026_0026.jpg 1 54 49 26 26
1654_0010_0007_0057_0057.jpg 1 10 7 57 57
1655_0038_0043_0034_0034.jpg 1 38 43 34 34
1656_0029_0030_0059_0059.jpg 1 29 30 59 59
1657_0016_0004_0064_0064.jpg 1 16 4 64 64
1658_0034_0052_0030_0030.jpg 1 34 52 30 30
1659_0026_0040_0029_0029.jpg 1 26 40 29 29
1660_0028_0042_0028_0028.jpg 1 28 42 28 28
1661_0019_0035_0039_0039.jpg 1 19 35 39 39
1662_0022_0036_0037_0037.jpg 1 22 36 37 37
1663_0052_0046_0038_0038.jpg 1 52 46 38 38
1664_0027_0011_0064_0064.jpg 1 27 11 64 64
1665_0024_0011_0060_0060.jpg 1 24 11 60 60
1666_0041_0029_0050_0050.jpg 1 41 29 50 50
1667_0025_0042_0026_0026.jpg 1 25 42 26 26
1668_0027_0012_0042_0042.jpg 1 27 12 42 42
1669_0011_0033_0049_0049.jpg 1 11 33 49 49
1670_0015_0013_0060_0060.jpg 1 15 13 60 60
1671_0007_0032_0054_0054.jpg 1 7 32 54 54
1672_0005_0032_0051_0051.jpg 1 5 32 51 51
1673_0021_0040_0041_0041.jpg 1 21 40 41 41
1674_0021_0019_0060_0060.jpg 1 21 19 60 60
1675_0013_0003_0061_0061.jpg 1 13 3 61 61
1676_0033_0028_0047_0047.jpg 1 33 28 47 47
1677_0003_0003_0069_0069.jpg 1 3 3 69 69
1678_0025_0053_0035_0035.jpg 1 25 53 35 35
1679_0033_0050_0026_0026.jpg 1 33 50 26 26
1680_0020_0023_0067_0067.jpg 1 20 23 67 67
1681_0017_0025_0064_0064.jpg 1 17 25 64 64
1682_0019_0034_0059_0059.jpg 1 19 34 59 59
1683_0038_0046_0047_0047.jpg 1 38 46 47 47
1684_0013_0036_0049_0049.jpg 1 13 36 49 49
1685_0034_0044_0049_0049.jpg 1 34 44 49 49
1686_0047_0061_0028_0028.jpg 1 47 61 28 28
1687_0005_0004_0068_0068.jpg 1 5 4 68 68
1688_0051_0013_0033_0033.jpg 1 51 13 33 33
1689_0032_0006_0059_0059.jpg 1 32 6 59 59
1690_0028_0007_0064_0064.jpg 1 28 7 64 64
1691_0005_0027_0068_0068.jpg 1 5 27 68 68
1692_0046_0009_0042_0042.jpg 1 46 9 42 42
1693_0019_0024_0041_0041.jpg 1 19 24 41 41
1694_0013_0008_0064_0064.jpg 1 13 8 64 64
1695_0011_0025_0067_0067.jpg 1 11 25 67 67
1696_0021_0011_0064_0064.jpg 1 21 11 64 64
1697_0047_0040_0029_0029.jpg 1 47 40 29 29
1698_0018_0012_0044_0044.jpg 1 18 12 44 44
1699_0008_0023_0069_0069.jpg 1 8 23 69 69
1700_0005_0017_0054_0054.jpg 1 5 17 54 54
1701_0013_0049_0044_0044.jpg 1 13 49 44 44
1702_0022_0035_0034_0034.jpg 1 22 35 34 34
1703_0033_0028_0028_0028.jpg 1 33 28 28 28
1704_0033_0009_0058_0058.jpg 1 33 9 58 58
1705_0017_0008_0041_0041.jpg 1 17 8 41 41
1706_0036_0032_0037_0037.jpg 1 36 32 37 37
1707_0045_0022_0041_0041.jpg 1 45 22 41 41
1708_0039_0005_0054_0054.jpg 1 39 5 54 54
1709_0024_0032_0059_0059.jpg 1 24 32 59 59
1710_0008_0026_0048_0048.jpg 1 8 26 48 48
1711_0036_0015_0055_0055.jpg 1 36 15 55 55
1712_0027_0009_0054_0054.jpg 1 27 9 54 54
1713_0018_0012_0044_0044.jpg 1 18 12 44 44
1714_0045_0046_0040_0040.jpg 1 45 46 40 40
1715_0004_0006_0069_0069.jpg 1 4 6 69 69
1716_0007_0042_0046_0046.jpg 1 7 42 46 46
1717_0027_0032_0030_0030.jpg 1 27 32 30 30
1718_0009_0027_0049_0049.jpg 1 9 27 49 49
1719_0052_0031_0029_0029.jpg 1 52 31 29 29
1720_0031_0038_0050_0050.jpg 1 31 38 50 50
1721_0008_0039_0039_0039.jpg 1 8 39 39 39
1722_0010_0004_0065_0065.jpg 1 10 4 65 65
1723_0056_0025_0033_0033.jpg 1 56 25 33 33
1724_0015_0035_0054_0054.jpg 1 15 35 54 54
1725_0027_0020_0043_0043.jpg 1 27 20 43 43
1726_0007_0023_0043_0043.jpg 1 7 23 43 43
1727_0015_0026_0058_0058.jpg 1 15 26 58 58
1728_0017_0020_0061_0061.jpg 1 17 20 61 61
1729_0028_0031_0047_0047.jpg 1 28 31 47 47
1730_0011_0039_0053_0053.jpg 1 11 39 53 53
1731_0022_0050_0038_0038.jpg 1 22 50 38 38
1732_0010_0018_0048_0048.jpg 1 10 18 48 48
1733_0040_0047_0028_0028.jpg 1 40 47 28 28
1734_0005_0004_0061_0061.jpg 1 5 4 61 61
1735_0059_0033_0029_0029.jpg 1 59 33 29 29
1736_0029_0009_0063_0063.jpg 1 29 9 63 63
1737_0013_0023_0058_0058.jpg 1 13 23 58 58
1738_0032_0013_0050_0050.jpg 1 32 13 50 50
1739_0006_0022_0059_0059.jpg 1 6 22 59 59
1740_0026_0037_0053_0053.jpg 1 26 37 53 53
1741_0036_0036_0045_0045.jpg 1 36 36 45 45
1742_0020_0014_0063_0063.jpg 1 20 14 63 63
1743_0029_0013_0061_0061.jpg 1 29 13 61 61
1744_0035_0008_0059_0059.jpg 1 35 8 59 59
1745_0011_0041_0037_0037.jpg 1 11 41 37 37
1746_0004_0013_0057_0057.jpg 1 4 13 57 57
1747_0027_0005_0051_0051.jpg 1 27 5 51 51
1748_0014_0017_0048_0048.jpg 1 14 17 48 48
1749_0023_0021_0043_0043.jpg 1 23 21 43 43
1750_0029_0046_0037_0037.jpg 1 29 46 37 37
1751_0039_0020_0037_0037.jpg 1 39 20 37 37
1752_0026_0066_0026_0026.jpg 1 26 66 26 26
1753_0040_0027_0045_0045.jpg 1 40 27 45 45
1754_0045_0060_0025_0025.jpg 1 45 60 25 25
1755_0019_0058_0032_0032.jpg 1 19 58 32 32
1756_0016_0029_0039_0039.jpg 1 16 29 39 39
1757_0010_0026_0058_0058.jpg 1 10 26 58 58
1758_0022_0017_0065_0065.jpg 1 22 17 65 65
1759_0029_0022_0037_0037.jpg 1 29 22 37 37
1760_0033_0036_0048_0048.jpg 1 33 36 48 48
1761_0028_0011_0063_0063.jpg 1 28 11 63 63
1762_0014_0042_0037_0037.jpg 1 14 42 37 37
1763_0060_0059_0030_0030.jpg 1 60 59 30 30
1764_0020_0006_0068_0068.jpg 1 20 6 68 68
1765_0016_0033_0026_0026.jpg 1 16 33 26 26
1766_0023_0013_0037_0037.jpg 1 23 13 37 37
1767_0014_0025_0058_0058.jpg 1 14 25 58 58
1768_0020_0020_0047_0047.jpg 1 20 20 47 47
1769_0011_0014_0060_0060.jpg 1 11 14 60 60
1770_0012_0025_0061_0061.jpg 1 12 25 61 61
1771_0036_0033_0033_0033.jpg 1 36 33 33 33
1772_0030_0037_0034_0034.jpg 1 30 37 34 34
1773_0024_0047_0029_0029.jpg 1 24 47 29 29
1774_0015_0054_0027_0027.jpg 1 15 54 27 27
1775_0022_0017_0068_0068.jpg 1 22 17 68 68
1776_0025_0044_0049_0049.jpg 1 25 44 49 49
1777_0011_0016_0044_0044.jpg 1 11 16 44 44
1778_0034_0024_0042_0042.jpg 1 34 24 42 42
1779_0005_0027_0045_0045.jpg 1 5 27 45 45
1780_0058_0023_0033_0033.jpg 1 58 23 33 33
1781_0024_0006_0065_0065.jpg 1 24 6 65 65
1782_0033_0019_0055_0055.jpg 1 33 19 55 55
1783_0031_0004_0056_0056.jpg 1 31 4 56 56
1784_0021_0020_0066_0066.jpg 1 21 20 66 66
1785_0031_0009_0045_0045.jpg 1 31 9 45 45
1786_0017_0034_0027_0027.jpg 1 17 34 27 27
1787_0054_0038_0028_0028.jpg 1 54 38 28 28
1788_0038_0050_0044_0044.jpg 1 38 50 44 44
1789_0020_0047_0032_0032.jpg 1 20 47 32 32
1790_0032_0016_0032_0032.jpg 1 32 16 32 32
1791_0058_0049_0029_0029.jpg 1 58 49 29 29
1792_0017_0029_0057_0057.jpg 1 17 29 57 57
1793_0021_0021_0046_0046.jpg 1 21 21 46 46
1794_0015_0028_0030_0030.jpg 1 15 28 30 30
1795_0007_0016_0063_0063.jpg 1 7 16 63 63
1796_0022_0055_0027_0027.jpg 1 22 55 27 27
1797_0050_0049_0042_0042.jpg 1 50 49 42 42
1798_0026_0008_0061_0061.jpg 1 26 8 61 61
1799_0026_0050_0034_0034.jpg 1 26 50 34 34
1800_0024_0060_0033_0033.jpg 1 24 60 33 33
1801_0040_0022_0047_0047.jpg 1 40 22 47 47
1802_0040_0028_0049_0049.jpg 1 40 28 49 49
1803_0019_0037_0058_0058.jpg 1 19 37 58 58
1804_0011_0039_0053_0053.jpg 1 11 39 53 53
1805_0033_0036_0036_0036.jpg 1 33 36 36 36
1806_0029_0014_0037_0037.jpg 1 29 14 37 37
1807_0055_0007_0031_0031.jpg 1 55 7 31 31
1808_0008_0021_0064_0064.jpg 1 8 21 64 64
1809_0030_0050_0035_0035.jpg 1 30 50 35 35
1810_0060_0059_0030_0030.jpg 1 60 59 30 30
1811_0026_0007_0061_0061.jpg 1 26 7 61 61
1812_0060_0039_0031_0031.jpg 1 60 39 31 31
1813_0005_0029_0050_0050.jpg 1 5 29 50 50
1814_0038_0042_0037_0037.jpg 1 38 42 37 37
1815_0041_0013_0032_0032.jpg 1 41 13 32 32
1816_0023_0012_0065_0065.jpg 1 23 12 65 65
1817_0019_0028_0037_0037.jpg 1 19 28 37 37
1818_0024_0011_0042_0042.jpg 1 24 11 42 42
1819_0007_0028_0060_0060.jpg 1 7 28 60 60
1820_0011_0018_0049_0049.jpg 1 11 18 49 49
1821_0028_0029_0056_0056.jpg 1 28 29 56 56
1822_0030_0011_0029_0029.jpg 1 30 11 29 29
1823_0023_0021_0059_0059.jpg 1 23 21 59 59
1824_0036_0035_0059_0059.jpg 1 36 35 59 59
1825_0057_0042_0035_0035.jpg 1 57 42 35 35
1826_0013_0047_0047_0047.jpg 1 13 47 47 47
1827_0034_0009_0054_0054.jpg 1 34 9 54 54
1828_0041_0043_0043_0043.jpg 1 41 43 43 43
1829_0007_0018_0046_0046.jpg 1 7 18 46 46
1830_0035_0012_0050_0050.jpg 1 35 12 50 50
1831_0046_0063_0028_0028.jpg 1 46 63 28 28
1832_0051_0046_0034_0034.jpg 1 51 46 34 34
1833_0010_0003_0066_0066.jpg 1 10 3 66 66
1834_0029_0013_0057_0057.jpg 1 29 13 57 57
1835_0006_0009_0059_0059.jpg 1 6 9 59 59
1836_0030_0046_0029_0029.jpg 1 30 46 29 29
1837_0030_0031_0034_0034.jpg 1 30 31 34 34
1838_0054_0051_0039_0039.jpg 1 54 51 39 39
1839_0034_0054_0037_0037.jpg 1 34 54 37 37
1840_0020_0031_0062_0062.jpg 1 20 31 62 62
1841_0065_0038_0026_0026.jpg 1 65 38 26 26
1842_0012_0006_0056_0056.jpg 1 12 6 56 56
1843_0026_0025_0034_0034.jpg 1 26 25 34 34
1844_0008_0008_0055_0055.jpg 1 8 8 55 55
1845_0028_0024_0049_0049.jpg 1 28 24 49 49
1846_0037_0021_0052_0052.jpg 1 37 21 52 52
1847_0036_0032_0049_0049.jpg 1 36 32 49 49
1848_0006_0043_0047_0047.jpg 1 6 43 47 47
1849_0032_0028_0049_0049.jpg 1 32 28 49 49
1850_0013_0024_0060_0060.jpg 1 13 24 60 60
1851_0062_0019_0027_0027.jpg 1 62 19 27 27
1852_0021_0022_0051_0051.jpg 1 21 22 51 51
1853_0022_0037_0048_0048.jpg 1 22 37 48 48
1854_0026_0034_0049_0049.jpg 1 26 34 49 49
1855_0026_0023_0031_0031.jpg 1 26 23 31 31
1856_0020_0059_0026_0026.jpg 1 20 59 26 26
1857_0018_0044_0032_0032.jpg 1 18 44 32 32
1858_0013_0013_0056_0056.jpg 1 13 13 56 56
1859_0022_0019_0046_0046.jpg 1 22 19 46 46
1860_0007_0032_0062_0062.jpg 1 7 32 62 62
1861_0029_0031_0062_0062.jpg 1 29 31 62 62
1862_0012_0010_0052_0052.jpg 1 12 10 52 52
1863_0031_0048_0026_0026.jpg 1 31 48 26 26
1864_0017_0016_0066_0066.jpg 1 17 16 66 66
1865_0050_0062_0027_0027.jpg 1 50 62 27 27
1866_0040_0013_0051_0051.jpg 1 40 13 51 51
1867_0021_0041_0053_0053.jpg 1 21 41 53 53
1868_0012_0003_0067_0067.jpg 1 12 3 67 67
1869_0046_0015_0038_0038.jpg 1 46 15 38 38
1870_0032_0026_0062_0062.jpg 1 32 26 62 62
1871_0047_0039_0044_0044.jpg 1 47 39 44 44
1872_0030_0023_0052_0052.jpg 1 30 23 52 52
1873_0015_0008_0036_0036.jpg 1 15 8 36 36
1874_0039_0024_0031_0031.jpg 1 39 24 31 31
1875_0052_0012_0038_0038.jpg 1 52 12 38 38
1876_0051_0037_0032_0032.jpg 1 51 37 32 32
1877_0027_0009_0046_0046.jpg 1 27 9 46 46
1878_0021_0032_0043_0043.jpg 1 21 32 43 43
1879_0012_0009_0062_0062.jpg 1 12 9 62 62
1880_0050_0065_0026_0026.jpg 1 50 65 26 26
1881_0014_0019_0065_0065.jpg 1 14 19 65 65
1882_0018_0015_0059_0059.jpg 1 18 15 59 59
1883_0013_0015_0035_0035.jpg 1 13 15 35 35
1884_0059_0008_0028_0028.jpg 1 59 8 28 28
1885_0022_0004_0060_0060.jpg 1 22 4 60 60
1886_0037_0015_0044_0044.jpg 1 37 15 44 44
1887_0040_0014_0052_0052.jpg 1 40 14 52 52
1888_0042_0027_0052_0052.jpg 1 42 27 52 52
1889_0041_0041_0044_0044.jpg 1 41 41 44 44
1890_0011_0031_0051_0051.jpg 1 11 31 51 51
1891_0017_0013_0066_0066.jpg 1 17 13 66 66
1892_0016_0025_0030_0030.jpg 1 16 25 30 30
1893_0031_0035_0049_0049.jpg 1 31 35 49 49
1894_0020_0007_0050_0050.jpg 1 20 7 50 50
1895_0062_0021_0025_0025.jpg 1 62 21 25 25
1896_0042_0058_0034_0034.jpg 1 42 58 34 34
1897_0034_0037_0028_0028.jpg 1 34 37 28 28
1898_0011_0010_0065_0065.jpg 1 11 10 65 65
1899_0043_0028_0033_0033.jpg 1 43 28 33 33
1900_0005_0015_0047_0047.jpg 1 5 15 47 47
1901_0018_0025_0059_0059.jpg 1 18 25 59 59
1902_0006_0024_0067_0067.jpg 1 6 24 67 67
1903_0016_0011_0042_0042.jpg 1 16 11 42 42
1904_0012_0012_0039_0039.jpg 1 12 12 39 39
1905_0027_0037_0052_0052.jpg 1 27 37 52 52
1906_0040_0045_0035_0035.jpg 1 40 45 35 35
1907_0016_0051_0039_0039.jpg 1 16 51 39 39
1908_0041_0023_0038_0038.jpg 1 41 23 38 38
1909_0027_0010_0046_0046.jpg 1 27 10 46 46
1910_0035_0009_0041_0041.jpg 1 35 9 41 41
1911_0040_0008_0027_0027.jpg 1 40 8 27 27
1912_0013_0014_0054_0054.jpg 1 13 14 54 54
1913_0020_0055_0027_0027.jpg 1 20 55 27 27
1914_0018_0056_0032_0032.jpg 1 18 56 32 32
1915_0018_0012_0044_0044.jpg 1 18 12 44 44
1916_0028_0011_0042_0042.jpg 1 28 11 42 42
1917_0027_0004_0063_0063.jpg 1 27 4 63 63
1918_0022_0011_0066_0066.jpg 1 22 11 66 66
1919_0016_0028_0058_0058.jpg 1 16 28 58 58
1920_0041_0013_0049_0049.jpg 1 41 13 49 49
1921_0023_0007_0028_0028.jpg 1 23 7 28 28
1922_0026_0004_0064_0064.jpg 1 26 4 64 64
1923_0006_0024_0049_0049.jpg 1 6 24 49 49
1924_0025_0033_0062_0062.jpg 1 25 33 62 62
1925_0019_0027_0065_0065.jpg 1 19 27 65 65
1926_0015_0040_0053_0053.jpg 1 15 40 53 53
1927_0041_0010_0042_0042.jpg 1 41 10 42 42
1928_0008_0030_0059_0059.jpg 1 8 30 59 59
1929_0009_0010_0040_0040.jpg 1 9 10 40 40
1930_0028_0051_0028_0028.jpg 1 28 51 28 28
1931_0020_0034_0051_0051.jpg 1 20 34 51 51
1932_0043_0010_0049_0049.jpg 1 43 10 49 49
1933_0030_0015_0063_0063.jpg 1 30 15 63 63
1934_0012_0036_0055_0055.jpg 1 12 36 55 55
1935_0042_0042_0030_0030.jpg 1 42 42 30 30
1936_0012_0028_0039_0039.jpg 1 12 28 39 39
1937_0010_0021_0042_0042.jpg 1 10 21 42 42
1938_0040_0019_0038_0038.jpg 1 40 19 38 38
1939_0021_0035_0053_0053.jpg 1 21 35 53 53
1940_0028_0016_0061_0061.jpg 1 28 16 61 61
1941_0026_0011_0039_0039.jpg 1 26 11 39 39
1942_0008_0027_0042_0042.jpg 1 8 27 42 42
1943_0030_0022_0047_0047.jpg 1 30 22 47 47
1944_0013_0019_0054_0054.jpg 1 13 19 54 54
1945_0025_0038_0029_0029.jpg 1 25 38 29 29
1946_0031_0011_0063_0063.jpg 1 31 11 63 63
1947_0005_0029_0059_0059.jpg 1 5 29 59 59
1948_0020_0009_0064_0064.jpg 1 20 9 64 64
1949_0028_0008_0068_0068.jpg 1 28 8 68 68
1950_0008_0010_0026_0026.jpg 1 8 10 26 26
